#
# A fatal error has been detected by the Java Runtime Environment:
#
#  SIGILL (0x4) at pc=0x00007ff809308760, pid=874, tid=259
#
# JRE version: OpenJDK Runtime Environment Temurin-21.0.7+6 (21.0.7+6) (build 21.0.7+6-LTS)
# Java VM: OpenJDK 64-Bit Server VM Temurin-21.0.7+6 (21.0.7+6-LTS, mixed mode, sharing, tiered, compressed oops, compressed class ptrs, parallel gc, bsd-amd64)
# Problematic frame:
# C  [CoreFoundation+0x1d9760]  CFRunLoopRunSpecific.cold.3+0xe
#
# No core dump will be written. Core dumps have been disabled. To enable core dumping, try "ulimit -c unlimited" before starting Java again
#
# If you would like to submit a bug report, please visit:
#   https://github.com/adoptium/adoptium-support/issues
#

---------------  S U M M A R Y ------------

Command Line: --add-modules=ALL-SYSTEM --add-opens=java.base/java.util=ALL-UNNAMED --add-opens=java.base/java.lang=ALL-UNNAMED --add-opens=java.base/sun.nio.fs=ALL-UNNAMED -Declipse.application=org.eclipse.jdt.ls.core.id1 -Dosgi.bundles.defaultStartLevel=4 -Declipse.product=org.eclipse.jdt.ls.core.product -Djava.import.generatesMetadataFilesAtProjectRoot=false -DDetectVMInstallationsJob.disabled=true -Dfile.encoding=utf8 -XX:+UseParallelGC -XX:GCTimeRatio=4 -XX:AdaptiveSizePolicyWeight=90 -Dsun.zip.disableMemoryMapping=true -Xmx2G -Xms100m -Xlog:disable -javaagent:/Users/shunya_itahara/.vscode/extensions/redhat.java-1.43.1-darwin-x64/lombok/lombok-1.18.39-4050.jar -XX:+HeapDumpOnOutOfMemoryError -XX:HeapDumpPath=/Users/shunya_itahara/Library/Application Support/Code/User/workspaceStorage/74725be91eeeabe22b329e98cb7335c4/redhat.java -Daether.dependencyCollector.impl=bf /Users/shunya_itahara/.vscode/extensions/redhat.java-1.43.1-darwin-x64/server/plugins/org.eclipse.equinox.launcher_1.7.0.v20250519-0528.jar -configuration /Users/shunya_itahara/Library/Application Support/Code/User/globalStorage/redhat.java/1.43.1/config_mac -data /Users/shunya_itahara/Library/Application Support/Code/User/workspaceStorage/74725be91eeeabe22b329e98cb7335c4/redhat.java/jdt_ws --pipe=/private/var/folders/t6/75tx9q0s5q5ckkt6vv8__zqw0000gn/T/lsp-2dec50ca09f032d917a6b2d8221a175d.sock

Host: "MacBookAir9,1" x86_64 1100 MHz, 4 cores, 8G, Darwin 24.5.0, macOS 15.5 (24F74)
Time: Tue Aug 12 20:00:47 2025 JST elapsed time: 89.991871 seconds (0d 0h 1m 29s)

---------------  T H R E A D  ---------------

Current thread is native thread

Stack: [0x00007ff7bb036000,0x00007ff7bb836000],  sp=0x00007ff7bb6d4ef8,  free space=6779k
Native frames: (J=compiled Java code, j=interpreted, Vv=VM code, C=native code)
C  [CoreFoundation+0x1d9760]  CFRunLoopRunSpecific.cold.3+0xe
C  [HIToolbox+0xa80d4]  RunCurrentEventLoopInMode+0x119
C  [HIToolbox+0xaae60]  ReceiveNextEventCommon+0xbc
C  [HIToolbox+0x23419a]  _BlockUntilNextEventMatchingListInModeWithFilter+0x3f
C  [AppKit+0x3fe2d]  _DPSNextEvent+0x390
C  [AppKit+0xacdd27]  -[NSApplication(NSEventRouting) _nextEventMatchingEventMask:untilDate:inMode:dequeue:]+0x4ef
C  [eclipse_11911.so+0x6bcb]  +[KeyWindow dispatch]+0x7b
C  [Foundation+0x7bc19]  __NSThreadPerformPerform+0xb2
C  [CoreFoundation+0x7bc00]  __CFRUNLOOP_IS_CALLING_OUT_TO_A_SOURCE0_PERFORM_FUNCTION__+0x11
C  [CoreFoundation+0x7bba2]  __CFRunLoopDoSource0+0x9d
C  [CoreFoundation+0x7b95d]  __CFRunLoopDoSources0+0xcb
C  [CoreFoundation+0x7a5c6]  __CFRunLoopRun+0x3cd
C  [CoreFoundation+0x79bc2]  CFRunLoopRunSpecific+0x218
C  [HIToolbox+0xa80d4]  RunCurrentEventLoopInMode+0x119
C  [HIToolbox+0xaae60]  ReceiveNextEventCommon+0xbc
C  [HIToolbox+0x23419a]  _BlockUntilNextEventMatchingListInModeWithFilter+0x3f
C  [AppKit+0x3fe2d]  _DPSNextEvent+0x390
C  [AppKit+0xacdd27]  -[NSApplication(NSEventRouting) _nextEventMatchingEventMask:untilDate:inMode:dequeue:]+0x4ef
C  [eclipse_11911.so+0x6bcb]  +[KeyWindow dispatch]+0x7b
C  [Foundation+0x7bc19]  __NSThreadPerformPerform+0xb2
C  [CoreFoundation+0x7bc00]  __CFRUNLOOP_IS_CALLING_OUT_TO_A_SOURCE0_PERFORM_FUNCTION__+0x11
C  [CoreFoundation+0x7bba2]  __CFRunLoopDoSource0+0x9d
C  [CoreFoundation+0x7b95d]  __CFRunLoopDoSources0+0xcb
C  [CoreFoundation+0x7a5c6]  __CFRunLoopRun+0x3cd
C  [CoreFoundation+0x79bc2]  CFRunLoopRunSpecific+0x218
C  [HIToolbox+0xa80d4]  RunCurrentEventLoopInMode+0x119
C  [HIToolbox+0xaae60]  ReceiveNextEventCommon+0xbc
C  [HIToolbox+0x23419a]  _BlockUntilNextEventMatchingListInModeWithFilter+0x3f
C  [AppKit+0x3fe2d]  _DPSNextEvent+0x390
C  [AppKit+0xacdd27]  -[NSApplication(NSEventRouting) _nextEventMatchingEventMask:untilDate:inMode:dequeue:]+0x4ef
C  [eclipse_11911.so+0x6bcb]  +[KeyWindow dispatch]+0x7b
C  [Foundation+0x7bc19]  __NSThreadPerformPerform+0xb2
C  [CoreFoundation+0x7bc00]  __CFRUNLOOP_IS_CALLING_OUT_TO_A_SOURCE0_PERFORM_FUNCTION__+0x11
C  [CoreFoundation+0x7bba2]  __CFRunLoopDoSource0+0x9d
C  [CoreFoundation+0x7b95d]  __CFRunLoopDoSources0+0xcb
C  [CoreFoundation+0x7a5c6]  __CFRunLoopRun+0x3cd
C  [CoreFoundation+0x79bc2]  CFRunLoopRunSpecific+0x218
C  [HIToolbox+0xa80d4]  RunCurrentEventLoopInMode+0x119
C  [HIToolbox+0xaae60]  ReceiveNextEventCommon+0xbc
C  [HIToolbox+0x23419a]  _BlockUntilNextEventMatchingListInModeWithFilter+0x3f
C  [AppKit+0x3fe2d]  _DPSNextEvent+0x390
C  [AppKit+0xacdd27]  -[NSApplication(NSEventRouting) _nextEventMatchingEventMask:untilDate:inMode:dequeue:]+0x4ef
C  [eclipse_11911.so+0x6bcb]  +[KeyWindow dispatch]+0x7b
C  [Foundation+0x7bc19]  __NSThreadPerformPerform+0xb2
C  [CoreFoundation+0x7bc00]  __CFRUNLOOP_IS_CALLING_OUT_TO_A_SOURCE0_PERFORM_FUNCTION__+0x11
C  [CoreFoundation+0x7bba2]  __CFRunLoopDoSource0+0x9d
C  [CoreFoundation+0x7b95d]  __CFRunLoopDoSources0+0xcb
C  [CoreFoundation+0x7a5c6]  __CFRunLoopRun+0x3cd
C  [CoreFoundation+0x79bc2]  CFRunLoopRunSpecific+0x218
C  [HIToolbox+0xa80d4]  RunCurrentEventLoopInMode+0x119
C  [HIToolbox+0xaae60]  ReceiveNextEventCommon+0xbc
C  [HIToolbox+0x23419a]  _BlockUntilNextEventMatchingListInModeWithFilter+0x3f
C  [AppKit+0x3fe2d]  _DPSNextEvent+0x390
C  [AppKit+0xacdd27]  -[NSApplication(NSEventRouting) _nextEventMatchingEventMask:untilDate:inMode:dequeue:]+0x4ef
C  [eclipse_11911.so+0x6bcb]  +[KeyWindow dispatch]+0x7b
C  [Foundation+0x7bc19]  __NSThreadPerformPerform+0xb2
C  [CoreFoundation+0x7bc00]  __CFRUNLOOP_IS_CALLING_OUT_TO_A_SOURCE0_PERFORM_FUNCTION__+0x11
C  [CoreFoundation+0x7bba2]  __CFRunLoopDoSource0+0x9d
C  [CoreFoundation+0x7b95d]  __CFRunLoopDoSources0+0xcb
C  [CoreFoundation+0x7a5c6]  __CFRunLoopRun+0x3cd
C  [CoreFoundation+0x79bc2]  CFRunLoopRunSpecific+0x218
C  [HIToolbox+0xa80d4]  RunCurrentEventLoopInMode+0x119
C  [HIToolbox+0xaae60]  ReceiveNextEventCommon+0xbc
C  [HIToolbox+0x23419a]  _BlockUntilNextEventMatchingListInModeWithFilter+0x3f
C  [AppKit+0x3fe2d]  _DPSNextEvent+0x390
C  [AppKit+0xacdd27]  -[NSApplication(NSEventRouting) _nextEventMatchingEventMask:untilDate:inMode:dequeue:]+0x4ef
C  [eclipse_11911.so+0x6bcb]  +[KeyWindow dispatch]+0x7b
C  [Foundation+0x7bc19]  __NSThreadPerformPerform+0xb2
C  [CoreFoundation+0x7bc00]  __CFRUNLOOP_IS_CALLING_OUT_TO_A_SOURCE0_PERFORM_FUNCTION__+0x11
C  [CoreFoundation+0x7bba2]  __CFRunLoopDoSource0+0x9d
C  [CoreFoundation+0x7b95d]  __CFRunLoopDoSources0+0xcb
C  [CoreFoundation+0x7a5c6]  __CFRunLoopRun+0x3cd
C  [CoreFoundation+0x79bc2]  CFRunLoopRunSpecific+0x218
C  [HIToolbox+0xa80d4]  RunCurrentEventLoopInMode+0x119
C  [HIToolbox+0xaae60]  ReceiveNextEventCommon+0xbc
C  [HIToolbox+0x23419a]  _BlockUntilNextEventMatchingListInModeWithFilter+0x3f
C  [AppKit+0x3fe2d]  _DPSNextEvent+0x390
C  [AppKit+0xacdd27]  -[NSApplication(NSEventRouting) _nextEventMatchingEventMask:untilDate:inMode:dequeue:]+0x4ef
C  [eclipse_11911.so+0x6bcb]  +[KeyWindow dispatch]+0x7b
C  [Foundation+0x7bc19]  __NSThreadPerformPerform+0xb2
C  [CoreFoundation+0x7bc00]  __CFRUNLOOP_IS_CALLING_OUT_TO_A_SOURCE0_PERFORM_FUNCTION__+0x11
C  [CoreFoundation+0x7bba2]  __CFRunLoopDoSource0+0x9d
C  [CoreFoundation+0x7b95d]  __CFRunLoopDoSources0+0xcb
C  [CoreFoundation+0x7a5c6]  __CFRunLoopRun+0x3cd
C  [CoreFoundation+0x79bc2]  CFRunLoopRunSpecific+0x218
C  [HIToolbox+0xa80d4]  RunCurrentEventLoopInMode+0x119
C  [HIToolbox+0xaae60]  ReceiveNextEventCommon+0xbc
C  [HIToolbox+0x23419a]  _BlockUntilNextEventMatchingListInModeWithFilter+0x3f
C  [AppKit+0x3fe2d]  _DPSNextEvent+0x390
C  [AppKit+0xacdd27]  -[NSApplication(NSEventRouting) _nextEventMatchingEventMask:untilDate:inMode:dequeue:]+0x4ef
C  [eclipse_11911.so+0x6bcb]  +[KeyWindow dispatch]+0x7b
C  [Foundation+0x7bc19]  __NSThreadPerformPerform+0xb2
C  [CoreFoundation+0x7bc00]  __CFRUNLOOP_IS_CALLING_OUT_TO_A_SOURCE0_PERFORM_FUNCTION__+0x11
C  [CoreFoundation+0x7bba2]  __CFRunLoopDoSource0+0x9d
C  [CoreFoundation+0x7b95d]  __CFRunLoopDoSources0+0xcb
C  [CoreFoundation+0x7a5c6]  __CFRunLoopRun+0x3cd
C  [CoreFoundation+0x79bc2]  CFRunLoopRunSpecific+0x218
C  [HIToolbox+0xa80d4]  RunCurrentEventLoopInMode+0x119
C  [HIToolbox+0xaae60]  ReceiveNextEventCommon+0xbc
C  [HIToolbox+0x23419a]  _BlockUntilNextEventMatchingListInModeWithFilter+0x3f
...<more frames>...

siginfo: si_signo: 4 (SIGILL), si_code: 1 (ILL_ILLOPC), si_addr: 0x00007ff809308760

Registers:
RAX=0x00007ff8094a7e92, RBX=0x00007fc17d1046b0, RCX=0x00000000000120a8, RDX=0x0000000000000008
RSP=0x00007ff7bb6d4ef8, RBP=0x00007ff7bb6d4f80, RSI=0x0000000000000000, RDI=0x00007fc17d1049d8
R8 =0x0000000000001d27, R9 =0x0000000000000008, R10=0x0000000000000000, R11=0x00000000a5baadb9
R12=0x00007fc17d1046c0, R13=0x0000000000000001, R14=0x0000000000000001, R15=0x00007fc17d1049b0
RIP=0x00007ff809308760, EFLAGS=0x0000000000010246, ERR=0x0000000000000000
  TRAPNO=0x0000000000000006


Top of Stack: (sp=0x00007ff7bb6d4ef8)
0x00007ff7bb6d4ef8:   00007ff8091a8c7a 0000000000000000
0x00007ff7bb6d4f08:   0000000000000000 00007fc17d1049c0
0x00007ff7bb6d4f18:   00007fc17d1046c0 00007ff7bb6d4f40
0x00007ff7bb6d4f28:   00007ff809133cc2 00007ff84743b158
0x00007ff7bb6d4f38:   0000000000000001 00007ff7bb6d4f50
0x00007ff7bb6d4f48:   00007ff80916ed58 e0e0996b0d2a0035
0x00007ff7bb6d4f58:   00007fc17d1ac0b0 0000000000000000
0x00007ff7bb6d4f68:   ffffffffffffff01 0000000000000001
0x00007ff7bb6d4f78:   00007ff84743b158 00007ff7bb6d4fd0
0x00007ff7bb6d4f88:   00007ff814c890d4 0000000000000000
0x00007ff7bb6d4f98:   0000000000000000 0000000000000000
0x00007ff7bb6d4fa8:   0000000000000000 00007ff7bb6d5228
0x00007ff7bb6d4fb8:   ffffffffffffffff 0000000000000000
0x00007ff7bb6d4fc8:   0000000000000001 00007ff7bb6d5050
0x00007ff7bb6d4fd8:   00007ff814c8be60 00007ff7bb6d51c8
0x00007ff7bb6d4fe8:   0000000000000000 00007ff84743b158
0x00007ff7bb6d4ff8:   0000000000000000 0000000000000000
0x00007ff7bb6d5008:   0000000000000000 0000000000000000
0x00007ff7bb6d5018:   0000000000000000 ffffffffffffffff
0x00007ff7bb6d5028:   0000000000000000 00007fc17d2b9d30
0x00007ff7bb6d5038:   ffffffffffffffff 0000000000000000
0x00007ff7bb6d5048:   0000000000000000 00007ff7bb6d5070
0x00007ff7bb6d5058:   00007ff814e1519a ffffffff00000000
0x00007ff7bb6d5068:   0000000000000000 00007ff7bb6d5470
0x00007ff7bb6d5078:   00007ff80cc0fe2d 0000000000000000
0x00007ff7bb6d5088:   0000000000000000 0000000000000000
0x00007ff7bb6d5098:   0000000000000000 0000000000000000
0x00007ff7bb6d50a8:   0000000000000000 0000000000000000
0x00007ff7bb6d50b8:   0000000000000000 0000000000000000
0x00007ff7bb6d50c8:   0000000000000000 00007ff8287f7907
0x00007ff7bb6d50d8:   00007ff8287d6183 00007ff8288bd09d
0x00007ff7bb6d50e8:   00007ff828797bc0 00007ff82875d84b 

Instructions: (pc=0x00007ff809308760)
0x00007ff809308660:   48 89 05 11 95 9d 41 0f 0b 48 8d 3d e0 97 9d 41
0x00007ff809308670:   48 8d 35 81 38 0f 3e e9 ac f1 00 00 48 8b 05 d5
0x00007ff809308680:   97 9d 41 48 85 c0 0f 94 c1 48 39 f8 0f 95 c0 08
0x00007ff809308690:   c8 75 23 48 83 3d cd 97 9d 41 ff 75 01 c3 55 48
0x00007ff8093086a0:   89 e5 48 8d 3d bf 97 9d 41 48 8d 35 a8 39 0f 3e
0x00007ff8093086b0:   e8 73 f1 00 00 5d c3 48 8d 05 48 f7 19 00 48 89
0x00007ff8093086c0:   05 b3 94 9d 41 0f 0b 48 8d 05 38 f7 19 00 48 89
0x00007ff8093086d0:   05 a3 94 9d 41 0f 0b 48 8d 05 7f f7 19 00 48 89
0x00007ff8093086e0:   05 93 94 9d 41 0f 0b 48 8d 05 4b f7 19 00 48 89
0x00007ff8093086f0:   05 83 94 9d 41 0f 0b 48 8d 05 d5 f6 19 00 48 89
0x00007ff809308700:   05 73 94 9d 41 0f 0b 48 8b 05 4a 97 9d 41 48 85
0x00007ff809308710:   c0 0f 94 c1 48 39 f8 0f 95 c0 08 c8 75 23 48 83
0x00007ff809308720:   3d 42 97 9d 41 ff 75 01 c3 55 48 89 e5 48 8d 3d
0x00007ff809308730:   34 97 9d 41 48 8d 35 1d 39 0f 3e e8 e8 f0 00 00
0x00007ff809308740:   5d c3 48 8d 05 be f8 19 00 48 89 05 28 94 9d 41
0x00007ff809308750:   0f 0b 48 8d 05 39 f7 19 00 48 89 05 18 94 9d 41
0x00007ff809308760:   0f 0b 48 8b 05 ef 96 9d 41 48 85 c0 0f 94 c1 48
0x00007ff809308770:   39 f8 0f 95 c0 08 c8 75 23 48 83 3d e7 96 9d 41
0x00007ff809308780:   ff 75 01 c3 55 48 89 e5 48 8d 3d d9 96 9d 41 48
0x00007ff809308790:   8d 35 c2 38 0f 3e e8 8d f0 00 00 5d c3 48 8b 05
0x00007ff8093087a0:   b4 96 9d 41 48 85 c0 0f 94 c1 48 39 f8 0f 95 c0
0x00007ff8093087b0:   08 c8 75 23 48 83 3d ac 96 9d 41 ff 75 01 c3 55
0x00007ff8093087c0:   48 89 e5 48 8d 3d 9e 96 9d 41 48 8d 35 87 38 0f
0x00007ff8093087d0:   3e e8 52 f0 00 00 5d c3 48 8b 05 79 96 9d 41 48
0x00007ff8093087e0:   85 c0 0f 94 c1 48 39 f8 0f 95 c0 08 c8 75 23 48
0x00007ff8093087f0:   83 3d 71 96 9d 41 ff 75 01 c3 55 48 89 e5 48 8d
0x00007ff809308800:   3d 63 96 9d 41 48 8d 35 4c 38 0f 3e e8 17 f0 00
0x00007ff809308810:   00 5d c3 48 8d 05 5b f0 19 00 48 89 05 57 93 9d
0x00007ff809308820:   41 0f 0b 48 8b 05 2e 96 9d 41 48 85 c0 0f 94 c1
0x00007ff809308830:   48 39 f8 0f 95 c0 08 c8 75 23 48 83 3d 26 96 9d
0x00007ff809308840:   41 ff 75 01 c3 55 48 89 e5 48 8d 3d 18 96 9d 41
0x00007ff809308850:   48 8d 35 01 38 0f 3e e8 cc ef 00 00 5d c3 48 8b 



---------------  P R O C E S S  ---------------

VM state: not at safepoint (normal execution)

VM Mutex/Monitor currently owned by a thread: None

Heap address: 0x0000000780000000, size: 2048 MB, Compressed Oops mode: Zero based, Oop shift amount: 3

CDS archive(s) mapped at: [0x000000011f000000-0x000000011fbae000-0x000000011fbae000), size 12247040, SharedBaseAddress: 0x000000011f000000, ArchiveRelocationMode: 1.
Compressed class space mapped at: 0x0000000120000000-0x0000000160000000, reserved size: 1073741824
Narrow klass base: 0x000000011f000000, Narrow klass shift: 0, Narrow klass range: 0x100000000

GC Precious Log:
<Skipped>

Heap:
 PSYoungGen      total 5120K, used 3526K [0x00000007d5580000, 0x00000007d5b80000, 0x0000000800000000)
  eden space 3584K, 76% used [0x00000007d5580000,0x00000007d5829ca8,0x00000007d5900000)
  from space 1536K, 52% used [0x00000007d5a00000,0x00000007d5ac7d18,0x00000007d5b80000)
  to   space 1024K, 0% used [0x00000007d5900000,0x00000007d5900000,0x00000007d5a00000)
 ParOldGen       total 201728K, used 201220K [0x0000000780000000, 0x000000078c500000, 0x00000007d5580000)
  object space 201728K, 99% used [0x0000000780000000,0x000000078c481168,0x000000078c500000)
 Metaspace       used 62692K, committed 64064K, reserved 1114112K
  class space    used 6660K, committed 7232K, reserved 1048576K

Card table byte_map: [0x0000000106a16000,0x0000000106e17000] _byte_map_base: 0x0000000102e16000

Marking Bits: (ParMarkBitMap*) 0x000000010892b7a0
 Begin Bits: [0x000000011af6e000, 0x000000011cf6e000)
 End Bits:   [0x000000011cf6e000, 0x000000011ef6e000)

Polling page: 0x00000001046f5000

Metaspace:

Usage:
  Non-class:     54.72 MB used.
      Class:      6.50 MB used.
       Both:     61.22 MB used.

Virtual space:
  Non-class space:       64.00 MB reserved,      55.50 MB ( 87%) committed,  1 nodes.
      Class space:        1.00 GB reserved,       7.06 MB ( <1%) committed,  1 nodes.
             Both:        1.06 GB reserved,      62.56 MB (  6%) committed. 

Chunk freelists:
   Non-Class:  7.95 MB
       Class:  8.75 MB
        Both:  16.70 MB

MaxMetaspaceSize: unlimited
CompressedClassSpaceSize: 1.00 GB
Initial GC threshold: 21.00 MB
Current GC threshold: 97.31 MB
CDS: on
 - commit_granule_bytes: 65536.
 - commit_granule_words: 8192.
 - virtual_space_node_default_size: 8388608.
 - enlarge_chunks_in_place: 1.
 - use_allocation_guard: 0.


Internal statistics:

num_allocs_failed_limit: 9.
num_arena_births: 1142.
num_arena_deaths: 14.
num_vsnodes_births: 2.
num_vsnodes_deaths: 0.
num_space_committed: 1001.
num_space_uncommitted: 0.
num_chunks_returned_to_freelist: 23.
num_chunks_taken_from_freelist: 3908.
num_chunk_merges: 10.
num_chunk_splits: 2394.
num_chunks_enlarged: 1326.
num_inconsistent_stats: 0.

CodeHeap 'non-profiled nmethods': size=120032Kb used=3688Kb max_used=3688Kb free=116343Kb
 bounds [0x0000000113a36000, 0x0000000113dd6000, 0x000000011af6e000]
CodeHeap 'profiled nmethods': size=120028Kb used=19477Kb max_used=19477Kb free=100550Kb
 bounds [0x000000010bf6e000, 0x000000010d27e000, 0x00000001134a5000]
CodeHeap 'non-nmethods': size=5700Kb used=1440Kb max_used=1506Kb free=4259Kb
 bounds [0x00000001134a5000, 0x0000000113715000, 0x0000000113a36000]
 total_blobs=10749 nmethods=9987 adapters=669
 compilation: enabled
              stopped_count=0, restarted_count=0
 full_count=0

Compilation events (20 events):
Event: 88.662 Thread 0x00007fc17e811600 nmethod 11264 0x0000000113dc2310 code [0x0000000113dc25a0, 0x0000000113dc32e8]
Event: 88.688 Thread 0x00007fc17e811600 11268       4       org.eclipse.jdt.internal.compiler.util.JrtFileSystem$2::visitFile (72 bytes)
Event: 88.787 Thread 0x00007fc17e811600 nmethod 11268 0x0000000113dc3d90 code [0x0000000113dc4020, 0x0000000113dc4d68]
Event: 88.787 Thread 0x00007fc17e811600 11256   !   4       java.lang.Thread::blockedOn (27 bytes)
Event: 88.789 Thread 0x00007fc17e811600 nmethod 11256 0x0000000113dc5810 code [0x0000000113dc59a0, 0x0000000113dc5bb0]
Event: 88.789 Thread 0x00007fc17e811600 11244       4       org.eclipse.jdt.internal.compiler.classfmt.FieldInfo::getName (49 bytes)
Event: 88.846 Thread 0x00007fc17e811600 nmethod 11244 0x0000000113dc5c90 code [0x0000000113dc5ea0, 0x0000000113dc65e0]
Event: 88.847 Thread 0x00007fc17e811600 11271       4       java.util.concurrent.ConcurrentHashMap::addCount (280 bytes)
Event: 88.877 Thread 0x00007fc17e811600 nmethod 11271 0x0000000113dc6c10 code [0x0000000113dc6de0, 0x0000000113dc7128]
Event: 88.877 Thread 0x00007fc17e811600 11245       4       org.eclipse.jdt.internal.compiler.classfmt.FieldInfo::getTypeName (49 bytes)
Event: 88.981 Thread 0x00007fc17e811600 nmethod 11245 0x0000000113dc7490 code [0x0000000113dc76a0, 0x0000000113dc7dd8]
Event: 88.981 Thread 0x00007fc17e811600 11262       4       java.net.URI$Parser::checkChars (44 bytes)
Event: 89.002 Thread 0x00007fc17e811600 nmethod 11262 0x0000000113dc8410 code [0x0000000113dc8600, 0x0000000113dc8c98]
Event: 89.002 Thread 0x00007fc17e811600 11253       4       java.nio.ByteBuffer::<init> (47 bytes)
Event: 89.005 Thread 0x00007fc17e811600 nmethod 11253 0x0000000113dc9090 code [0x0000000113dc9220, 0x0000000113dc93c0]
Event: 89.005 Thread 0x00007fc17e811600 11239       4       jdk.internal.jimage.ImageBufferCache$2::compare (13 bytes)
Event: 89.022 Thread 0x00007fc17e811600 nmethod 11239 0x0000000113dc9590 code [0x0000000113dc9720, 0x0000000113dc98e0]
Event: 89.023 Thread 0x00007fc17e811600 11259       4       jdk.internal.jrtfs.JrtPath::getFileName (5 bytes)
Event: 89.134 Thread 0x00007fc17e811600 nmethod 11259 0x0000000113dc9a90 code [0x0000000113dc9c60, 0x0000000113dca400]
Event: 89.134 Thread 0x00007fc17e811600 11272       4       org.eclipse.jdt.core.Signature::appendClassTypeSignature (323 bytes)

GC Heap History (20 events):
Event: 88.362 GC heap after
{Heap after GC invocations=175 (full 3):
 PSYoungGen      total 4608K, used 944K [0x00000007d5580000, 0x00000007d5c00000, 0x0000000800000000)
  eden space 3584K, 0% used [0x00000007d5580000,0x00000007d5580000,0x00000007d5900000)
  from space 1024K, 92% used [0x00000007d5a00000,0x00000007d5aec2d0,0x00000007d5b00000)
  to   space 1024K, 0% used [0x00000007d5900000,0x00000007d5900000,0x00000007d5a00000)
 ParOldGen       total 189440K, used 189113K [0x0000000780000000, 0x000000078b900000, 0x00000007d5580000)
  object space 189440K, 99% used [0x0000000780000000,0x000000078b8ae6f8,0x000000078b900000)
 Metaspace       used 62692K, committed 64064K, reserved 1114112K
  class space    used 6660K, committed 7232K, reserved 1048576K
}
Event: 88.462 GC heap before
{Heap before GC invocations=176 (full 3):
 PSYoungGen      total 4608K, used 4528K [0x00000007d5580000, 0x00000007d5c00000, 0x0000000800000000)
  eden space 3584K, 100% used [0x00000007d5580000,0x00000007d5900000,0x00000007d5900000)
  from space 1024K, 92% used [0x00000007d5a00000,0x00000007d5aec2d0,0x00000007d5b00000)
  to   space 1024K, 0% used [0x00000007d5900000,0x00000007d5900000,0x00000007d5a00000)
 ParOldGen       total 189440K, used 189113K [0x0000000780000000, 0x000000078b900000, 0x00000007d5580000)
  object space 189440K, 99% used [0x0000000780000000,0x000000078b8ae6f8,0x000000078b900000)
 Metaspace       used 62692K, committed 64064K, reserved 1114112K
  class space    used 6660K, committed 7232K, reserved 1048576K
}
Event: 88.476 GC heap after
{Heap after GC invocations=176 (full 3):
 PSYoungGen      total 4608K, used 918K [0x00000007d5580000, 0x00000007d5c00000, 0x0000000800000000)
  eden space 3584K, 0% used [0x00000007d5580000,0x00000007d5580000,0x00000007d5900000)
  from space 1024K, 89% used [0x00000007d5900000,0x00000007d59e5a00,0x00000007d5a00000)
  to   space 1024K, 0% used [0x00000007d5b00000,0x00000007d5b00000,0x00000007d5c00000)
 ParOldGen       total 190464K, used 189971K [0x0000000780000000, 0x000000078ba00000, 0x00000007d5580000)
  object space 190464K, 99% used [0x0000000780000000,0x000000078b984d90,0x000000078ba00000)
 Metaspace       used 62692K, committed 64064K, reserved 1114112K
  class space    used 6660K, committed 7232K, reserved 1048576K
}
Event: 88.624 GC heap before
{Heap before GC invocations=177 (full 3):
 PSYoungGen      total 4608K, used 4502K [0x00000007d5580000, 0x00000007d5c00000, 0x0000000800000000)
  eden space 3584K, 100% used [0x00000007d5580000,0x00000007d5900000,0x00000007d5900000)
  from space 1024K, 89% used [0x00000007d5900000,0x00000007d59e5a00,0x00000007d5a00000)
  to   space 1024K, 0% used [0x00000007d5b00000,0x00000007d5b00000,0x00000007d5c00000)
 ParOldGen       total 190464K, used 189971K [0x0000000780000000, 0x000000078ba00000, 0x00000007d5580000)
  object space 190464K, 99% used [0x0000000780000000,0x000000078b984d90,0x000000078ba00000)
 Metaspace       used 62692K, committed 64064K, reserved 1114112K
  class space    used 6660K, committed 7232K, reserved 1048576K
}
Event: 88.627 GC heap after
{Heap after GC invocations=177 (full 3):
 PSYoungGen      total 4608K, used 924K [0x00000007d5580000, 0x00000007d5c00000, 0x0000000800000000)
  eden space 3584K, 0% used [0x00000007d5580000,0x00000007d5580000,0x00000007d5900000)
  from space 1024K, 90% used [0x00000007d5b00000,0x00000007d5be7078,0x00000007d5c00000)
  to   space 1024K, 0% used [0x00000007d5900000,0x00000007d5900000,0x00000007d5a00000)
 ParOldGen       total 190976K, used 190832K [0x0000000780000000, 0x000000078ba80000, 0x00000007d5580000)
  object space 190976K, 99% used [0x0000000780000000,0x000000078ba5c018,0x000000078ba80000)
 Metaspace       used 62692K, committed 64064K, reserved 1114112K
  class space    used 6660K, committed 7232K, reserved 1048576K
}
Event: 88.689 GC heap before
{Heap before GC invocations=178 (full 3):
 PSYoungGen      total 4608K, used 4490K [0x00000007d5580000, 0x00000007d5c00000, 0x0000000800000000)
  eden space 3584K, 99% used [0x00000007d5580000,0x00000007d58fbb78,0x00000007d5900000)
  from space 1024K, 90% used [0x00000007d5b00000,0x00000007d5be7078,0x00000007d5c00000)
  to   space 1024K, 0% used [0x00000007d5900000,0x00000007d5900000,0x00000007d5a00000)
 ParOldGen       total 190976K, used 190832K [0x0000000780000000, 0x000000078ba80000, 0x00000007d5580000)
  object space 190976K, 99% used [0x0000000780000000,0x000000078ba5c018,0x000000078ba80000)
 Metaspace       used 62692K, committed 64064K, reserved 1114112K
  class space    used 6660K, committed 7232K, reserved 1048576K
}
Event: 88.703 GC heap after
{Heap after GC invocations=178 (full 3):
 PSYoungGen      total 4608K, used 882K [0x00000007d5580000, 0x00000007d5b80000, 0x0000000800000000)
  eden space 3584K, 0% used [0x00000007d5580000,0x00000007d5580000,0x00000007d5900000)
  from space 1024K, 86% used [0x00000007d5900000,0x00000007d59dc878,0x00000007d5a00000)
  to   space 1024K, 0% used [0x00000007d5a80000,0x00000007d5a80000,0x00000007d5b80000)
 ParOldGen       total 192000K, used 191681K [0x0000000780000000, 0x000000078bb80000, 0x00000007d5580000)
  object space 192000K, 99% used [0x0000000780000000,0x000000078bb30440,0x000000078bb80000)
 Metaspace       used 62692K, committed 64064K, reserved 1114112K
  class space    used 6660K, committed 7232K, reserved 1048576K
}
Event: 88.754 GC heap before
{Heap before GC invocations=179 (full 3):
 PSYoungGen      total 4608K, used 4466K [0x00000007d5580000, 0x00000007d5b80000, 0x0000000800000000)
  eden space 3584K, 100% used [0x00000007d5580000,0x00000007d5900000,0x00000007d5900000)
  from space 1024K, 86% used [0x00000007d5900000,0x00000007d59dc878,0x00000007d5a00000)
  to   space 1024K, 0% used [0x00000007d5a80000,0x00000007d5a80000,0x00000007d5b80000)
 ParOldGen       total 192000K, used 191681K [0x0000000780000000, 0x000000078bb80000, 0x00000007d5580000)
  object space 192000K, 99% used [0x0000000780000000,0x000000078bb30440,0x000000078bb80000)
 Metaspace       used 62692K, committed 64064K, reserved 1114112K
  class space    used 6660K, committed 7232K, reserved 1048576K
}
Event: 88.768 GC heap after
{Heap after GC invocations=179 (full 3):
 PSYoungGen      total 4608K, used 942K [0x00000007d5580000, 0x00000007d5b80000, 0x0000000800000000)
  eden space 3584K, 0% used [0x00000007d5580000,0x00000007d5580000,0x00000007d5900000)
  from space 1024K, 92% used [0x00000007d5a80000,0x00000007d5b6b988,0x00000007d5b80000)
  to   space 1024K, 0% used [0x00000007d5900000,0x00000007d5900000,0x00000007d5a00000)
 ParOldGen       total 192512K, used 192454K [0x0000000780000000, 0x000000078bc00000, 0x00000007d5580000)
  object space 192512K, 99% used [0x0000000780000000,0x000000078bbf1ac8,0x000000078bc00000)
 Metaspace       used 62692K, committed 64064K, reserved 1114112K
  class space    used 6660K, committed 7232K, reserved 1048576K
}
Event: 88.812 GC heap before
{Heap before GC invocations=180 (full 3):
 PSYoungGen      total 4608K, used 4526K [0x00000007d5580000, 0x00000007d5b80000, 0x0000000800000000)
  eden space 3584K, 100% used [0x00000007d5580000,0x00000007d5900000,0x00000007d5900000)
  from space 1024K, 92% used [0x00000007d5a80000,0x00000007d5b6b988,0x00000007d5b80000)
  to   space 1024K, 0% used [0x00000007d5900000,0x00000007d5900000,0x00000007d5a00000)
 ParOldGen       total 192512K, used 192454K [0x0000000780000000, 0x000000078bc00000, 0x00000007d5580000)
  object space 192512K, 99% used [0x0000000780000000,0x000000078bbf1ac8,0x000000078bc00000)
 Metaspace       used 62692K, committed 64064K, reserved 1114112K
  class space    used 6660K, committed 7232K, reserved 1048576K
}
Event: 88.826 GC heap after
{Heap after GC invocations=180 (full 3):
 PSYoungGen      total 4608K, used 1012K [0x00000007d5580000, 0x00000007d5e00000, 0x0000000800000000)
  eden space 3584K, 0% used [0x00000007d5580000,0x00000007d5580000,0x00000007d5900000)
  from space 1024K, 98% used [0x00000007d5900000,0x00000007d59fd248,0x00000007d5a00000)
  to   space 2560K, 0% used [0x00000007d5b80000,0x00000007d5b80000,0x00000007d5e00000)
 ParOldGen       total 193536K, used 193362K [0x0000000780000000, 0x000000078bd00000, 0x00000007d5580000)
  object space 193536K, 99% used [0x0000000780000000,0x000000078bcd49d0,0x000000078bd00000)
 Metaspace       used 62692K, committed 64064K, reserved 1114112K
  class space    used 6660K, committed 7232K, reserved 1048576K
}
Event: 88.943 GC heap before
{Heap before GC invocations=181 (full 3):
 PSYoungGen      total 4608K, used 4596K [0x00000007d5580000, 0x00000007d5e00000, 0x0000000800000000)
  eden space 3584K, 99% used [0x00000007d5580000,0x00000007d58fffa0,0x00000007d5900000)
  from space 1024K, 98% used [0x00000007d5900000,0x00000007d59fd248,0x00000007d5a00000)
  to   space 2560K, 0% used [0x00000007d5b80000,0x00000007d5b80000,0x00000007d5e00000)
 ParOldGen       total 193536K, used 193362K [0x0000000780000000, 0x000000078bd00000, 0x00000007d5580000)
  object space 193536K, 99% used [0x0000000780000000,0x000000078bcd49d0,0x000000078bd00000)
 Metaspace       used 62692K, committed 64064K, reserved 1114112K
  class space    used 6660K, committed 7232K, reserved 1048576K
}
Event: 88.960 GC heap after
{Heap after GC invocations=181 (full 3):
 PSYoungGen      total 4608K, used 945K [0x00000007d5580000, 0x00000007d5c80000, 0x0000000800000000)
  eden space 3584K, 0% used [0x00000007d5580000,0x00000007d5580000,0x00000007d5900000)
  from space 1024K, 92% used [0x00000007d5b80000,0x00000007d5c6c720,0x00000007d5c80000)
  to   space 1536K, 0% used [0x00000007d5980000,0x00000007d5980000,0x00000007d5b00000)
 ParOldGen       total 194560K, used 194265K [0x0000000780000000, 0x000000078be00000, 0x00000007d5580000)
  object space 194560K, 99% used [0x0000000780000000,0x000000078bdb6610,0x000000078be00000)
 Metaspace       used 62692K, committed 64064K, reserved 1114112K
  class space    used 6660K, committed 7232K, reserved 1048576K
}
Event: 89.007 GC heap before
{Heap before GC invocations=182 (full 3):
 PSYoungGen      total 4608K, used 4529K [0x00000007d5580000, 0x00000007d5c80000, 0x0000000800000000)
  eden space 3584K, 100% used [0x00000007d5580000,0x00000007d5900000,0x00000007d5900000)
  from space 1024K, 92% used [0x00000007d5b80000,0x00000007d5c6c720,0x00000007d5c80000)
  to   space 1536K, 0% used [0x00000007d5980000,0x00000007d5980000,0x00000007d5b00000)
 ParOldGen       total 194560K, used 194265K [0x0000000780000000, 0x000000078be00000, 0x00000007d5580000)
  object space 194560K, 99% used [0x0000000780000000,0x000000078bdb6610,0x000000078be00000)
 Metaspace       used 62692K, committed 64064K, reserved 1114112K
  class space    used 6660K, committed 7232K, reserved 1048576K
}
Event: 89.022 GC heap after
{Heap after GC invocations=182 (full 3):
 PSYoungGen      total 5120K, used 959K [0x00000007d5580000, 0x00000007d5c00000, 0x0000000800000000)
  eden space 3584K, 0% used [0x00000007d5580000,0x00000007d5580000,0x00000007d5900000)
  from space 1536K, 62% used [0x00000007d5980000,0x00000007d5a6fc78,0x00000007d5b00000)
  to   space 1024K, 0% used [0x00000007d5b00000,0x00000007d5b00000,0x00000007d5c00000)
 ParOldGen       total 195584K, used 195152K [0x0000000780000000, 0x000000078bf00000, 0x00000007d5580000)
  object space 195584K, 99% used [0x0000000780000000,0x000000078be943e8,0x000000078bf00000)
 Metaspace       used 62692K, committed 64064K, reserved 1114112K
  class space    used 6660K, committed 7232K, reserved 1048576K
}
Event: 89.052 GC heap before
{Heap before GC invocations=183 (full 3):
 PSYoungGen      total 5120K, used 4543K [0x00000007d5580000, 0x00000007d5c00000, 0x0000000800000000)
  eden space 3584K, 100% used [0x00000007d5580000,0x00000007d5900000,0x00000007d5900000)
  from space 1536K, 62% used [0x00000007d5980000,0x00000007d5a6fc78,0x00000007d5b00000)
  to   space 1024K, 0% used [0x00000007d5b00000,0x00000007d5b00000,0x00000007d5c00000)
 ParOldGen       total 195584K, used 195152K [0x0000000780000000, 0x000000078bf00000, 0x00000007d5580000)
  object space 195584K, 99% used [0x0000000780000000,0x000000078be943e8,0x000000078bf00000)
 Metaspace       used 62692K, committed 64064K, reserved 1114112K
  class space    used 6660K, committed 7232K, reserved 1048576K
}
Event: 89.067 GC heap after
{Heap after GC invocations=183 (full 3):
 PSYoungGen      total 4096K, used 1002K [0x00000007d5580000, 0x00000007d5f00000, 0x0000000800000000)
  eden space 3072K, 0% used [0x00000007d5580000,0x00000007d5580000,0x00000007d5880000)
  from space 1024K, 97% used [0x00000007d5b00000,0x00000007d5bfaa80,0x00000007d5c00000)
  to   space 2560K, 0% used [0x00000007d5880000,0x00000007d5880000,0x00000007d5b00000)
 ParOldGen       total 196096K, used 196066K [0x0000000780000000, 0x000000078bf80000, 0x00000007d5580000)
  object space 196096K, 99% used [0x0000000780000000,0x000000078bf78940,0x000000078bf80000)
 Metaspace       used 62692K, committed 64064K, reserved 1114112K
  class space    used 6660K, committed 7232K, reserved 1048576K
}
Event: 89.204 GC heap before
{Heap before GC invocations=184 (full 3):
 PSYoungGen      total 4096K, used 4074K [0x00000007d5580000, 0x00000007d5f00000, 0x0000000800000000)
  eden space 3072K, 100% used [0x00000007d5580000,0x00000007d5880000,0x00000007d5880000)
  from space 1024K, 97% used [0x00000007d5b00000,0x00000007d5bfaa80,0x00000007d5c00000)
  to   space 2560K, 0% used [0x00000007d5880000,0x00000007d5880000,0x00000007d5b00000)
 ParOldGen       total 196096K, used 196066K [0x0000000780000000, 0x000000078bf80000, 0x00000007d5580000)
  object space 196096K, 99% used [0x0000000780000000,0x000000078bf78940,0x000000078bf80000)
 Metaspace       used 62692K, committed 64064K, reserved 1114112K
  class space    used 6660K, committed 7232K, reserved 1048576K
}
Event: 89.220 GC heap after
{Heap after GC invocations=184 (full 3):
 PSYoungGen      total 4096K, used 900K [0x00000007d5580000, 0x00000007d5b80000, 0x0000000800000000)
  eden space 3072K, 0% used [0x00000007d5580000,0x00000007d5580000,0x00000007d5880000)
  from space 1024K, 87% used [0x00000007d5880000,0x00000007d5961298,0x00000007d5980000)
  to   space 1536K, 0% used [0x00000007d5a00000,0x00000007d5a00000,0x00000007d5b80000)
 ParOldGen       total 197120K, used 196988K [0x0000000780000000, 0x000000078c080000, 0x00000007d5580000)
  object space 197120K, 99% used [0x0000000780000000,0x000000078c05f110,0x000000078c080000)
 Metaspace       used 62692K, committed 64064K, reserved 1114112K
  class space    used 6660K, committed 7232K, reserved 1048576K
}
Event: 89.268 GC heap before
{Heap before GC invocations=185 (full 3):
 PSYoungGen      total 4096K, used 3972K [0x00000007d5580000, 0x00000007d5b80000, 0x0000000800000000)
  eden space 3072K, 100% used [0x00000007d5580000,0x00000007d5880000,0x00000007d5880000)
  from space 1024K, 87% used [0x00000007d5880000,0x00000007d5961298,0x00000007d5980000)
  to   space 1536K, 0% used [0x00000007d5a00000,0x00000007d5a00000,0x00000007d5b80000)
 ParOldGen       total 197120K, used 196988K [0x0000000780000000, 0x000000078c080000, 0x00000007d5580000)
  object space 197120K, 99% used [0x0000000780000000,0x000000078c05f110,0x000000078c080000)
 Metaspace       used 62692K, committed 64064K, reserved 1114112K
  class space    used 6660K, committed 7232K, reserved 1048576K
}

Dll operation events (20 events):
Event: 1.060 Loaded shared library /Users/shunya_itahara/.vscode/extensions/redhat.java-1.43.1-darwin-x64/jre/21.0.7-macosx-x86_64/lib/libzip.dylib
Event: 1.182 Loaded shared library /Users/shunya_itahara/.vscode/extensions/redhat.java-1.43.1-darwin-x64/jre/21.0.7-macosx-x86_64/lib/libjimage.dylib
Event: 1.881 Loaded shared library /Users/shunya_itahara/.vscode/extensions/redhat.java-1.43.1-darwin-x64/jre/21.0.7-macosx-x86_64/lib/libverify.dylib
Event: 8.334 Loaded shared library /Users/shunya_itahara/.vscode/extensions/redhat.java-1.43.1-darwin-x64/jre/21.0.7-macosx-x86_64/lib/libnet.dylib
Event: 12.104 Loaded shared library /Users/shunya_itahara/Library/Application Support/Code/User/globalStorage/redhat.java/1.43.1/config_mac/org.eclipse.equinox.launcher/org.eclipse.equinox.launcher.cocoa.macosx.x86_64_1.2.1300.v20250331-1702/eclipse_11911.so
Event: 22.079 Loading shared library /Users/shunya_itahara/.vscode/extensions/redhat.java-1.43.1-darwin-x64/jre/21.0.7-macosx-x86_64/lib/libunixfile_1_0_0.dylib failed, dlopen(/Users/shunya_itahara/.vscode/extensions/redhat.java-1.43.1-darwin-x64/jre/21.0.7-macosx-x86_
Event: 22.080 Loading shared library /Users/shunya_itahara/.vscode/extensions/redhat.java-1.43.1-darwin-x64/jre/21.0.7-macosx-x86_64/lib/libunixfile_1_0_0.jnilib failed, dlopen(/Users/shunya_itahara/.vscode/extensions/redhat.java-1.43.1-darwin-x64/jre/21.0.7-macosx-x86
Event: 22.081 Loading shared library /Users/shunya_itahara/Library/Java/Extensions/libunixfile_1_0_0.dylib failed, dlopen(/Users/shunya_itahara/Library/Java/Extensions/libunixfile_1_0_0.dylib, 0x0001): tried: '/Users/shunya_itahara/Library/Java/Extensions/libunixfile_1
Event: 22.081 Loading shared library /Users/shunya_itahara/Library/Java/Extensions/libunixfile_1_0_0.jnilib failed, dlopen(/Users/shunya_itahara/Library/Java/Extensions/libunixfile_1_0_0.jnilib, 0x0001): tried: '/Users/shunya_itahara/Library/Java/Extensions/libunixfile
Event: 22.082 Loading shared library /Library/Java/Extensions/libunixfile_1_0_0.dylib failed, dlopen(/Library/Java/Extensions/libunixfile_1_0_0.dylib, 0x0001): tried: '/Library/Java/Extensions/libunixfile_1_0_0.dylib' (no such file), '/System/Volumes/Preboot/Cryptexes/
Event: 22.082 Loading shared library /Library/Java/Extensions/libunixfile_1_0_0.jnilib failed, dlopen(/Library/Java/Extensions/libunixfile_1_0_0.jnilib, 0x0001): tried: '/Library/Java/Extensions/libunixfile_1_0_0.jnilib' (no such file), '/System/Volumes/Preboot/Cryptex
Event: 22.083 Loading shared library /Network/Library/Java/Extensions/libunixfile_1_0_0.dylib failed, dlopen(/Network/Library/Java/Extensions/libunixfile_1_0_0.dylib, 0x0001): tried: '/Network/Library/Java/Extensions/libunixfile_1_0_0.dylib' (no such file), '/System/Vo
Event: 22.083 Loading shared library /Network/Library/Java/Extensions/libunixfile_1_0_0.jnilib failed, dlopen(/Network/Library/Java/Extensions/libunixfile_1_0_0.jnilib, 0x0001): tried: '/Network/Library/Java/Extensions/libunixfile_1_0_0.jnilib' (no such file), '/System
Event: 22.083 Loading shared library /System/Library/Java/Extensions/libunixfile_1_0_0.dylib failed, dlopen(/System/Library/Java/Extensions/libunixfile_1_0_0.dylib, 0x0001): tried: '/System/Library/Java/Extensions/libunixfile_1_0_0.dylib' (no such file), '/System/Volum
Event: 22.084 Loading shared library /System/Library/Java/Extensions/libunixfile_1_0_0.jnilib failed, dlopen(/System/Library/Java/Extensions/libunixfile_1_0_0.jnilib, 0x0001): tried: '/System/Library/Java/Extensions/libunixfile_1_0_0.jnilib' (no such file), '/System/Vo
Event: 22.086 Loading shared library /usr/lib/java/libunixfile_1_0_0.dylib failed, dlopen(/usr/lib/java/libunixfile_1_0_0.dylib, 0x0001): tried: '/usr/lib/java/libunixfile_1_0_0.dylib' (no such file), '/System/Volumes/Preboot/Cryptexes/OS/usr/lib/java/libunixfile_1_0_0
Event: 22.086 Loading shared library /usr/lib/java/libunixfile_1_0_0.jnilib failed, dlopen(/usr/lib/java/libunixfile_1_0_0.jnilib, 0x0001): tried: '/usr/lib/java/libunixfile_1_0_0.jnilib' (no such file), '/System/Volumes/Preboot/Cryptexes/OS/usr/lib/java/libunixfile_1_
Event: 22.088 Loading shared library /Users/shunya_itahara/yadon_/KU_SB/libunixfile_1_0_0.dylib failed, dlopen(/Users/shunya_itahara/yadon_/KU_SB/libunixfile_1_0_0.dylib, 0x0001): tried: '/Users/shunya_itahara/yadon_/KU_SB/libunixfile_1_0_0.dylib' (no such file), '/Sys
Event: 22.096 Loading shared library /Users/shunya_itahara/yadon_/KU_SB/libunixfile_1_0_0.jnilib failed, dlopen(/Users/shunya_itahara/yadon_/KU_SB/libunixfile_1_0_0.jnilib, 0x0001): tried: '/Users/shunya_itahara/yadon_/KU_SB/libunixfile_1_0_0.jnilib' (no such file), '/
Event: 46.882 Loaded shared library /Users/shunya_itahara/.vscode/extensions/redhat.java-1.43.1-darwin-x64/jre/21.0.7-macosx-x86_64/lib/libextnet.dylib

Deoptimization events (20 events):
Event: 83.084 Thread 0x00007fc17c8a9e00 DEOPT PACKING pc=0x000000010cbdfc52 sp=0x00007000032e7f50
Event: 83.084 Thread 0x00007fc17c8a9e00 DEOPT UNPACKING pc=0x00000001134f8b2f sp=0x00007000032e74f8 mode 0
Event: 83.428 Thread 0x00007fc17c8a9e00 DEOPT PACKING pc=0x000000010cbdfc52 sp=0x00007000032e7f50
Event: 83.428 Thread 0x00007fc17c8a9e00 DEOPT UNPACKING pc=0x00000001134f8b2f sp=0x00007000032e74f8 mode 0
Event: 83.443 Thread 0x00007fc17d835e00 DEOPT PACKING pc=0x000000010d1f1255 sp=0x00007000034edff0
Event: 83.443 Thread 0x00007fc17d835e00 DEOPT UNPACKING pc=0x00000001134f8b2f sp=0x00007000034ed548 mode 0
Event: 83.452 Thread 0x00007fc17d835e00 DEOPT PACKING pc=0x000000010d1f4d90 sp=0x00007000034ee120
Event: 83.452 Thread 0x00007fc17d835e00 DEOPT UNPACKING pc=0x00000001134f8b2f sp=0x00007000034ed658 mode 0
Event: 83.487 Thread 0x00007fc17d835e00 DEOPT PACKING pc=0x000000010d1fb2ad sp=0x00007000034ee2b0
Event: 83.488 Thread 0x00007fc17d835e00 DEOPT UNPACKING pc=0x00000001134f8b2f sp=0x00007000034ed850 mode 0
Event: 83.862 Thread 0x00007fc17e1d2600 DEOPT PACKING pc=0x000000010bf76379 sp=0x00007000036ef140
Event: 83.862 Thread 0x00007fc17e1d2600 DEOPT UNPACKING pc=0x00000001134f8b2f sp=0x00007000036ee680 mode 0
Event: 83.966 Thread 0x00007fc17c8a9e00 Uncommon trap: trap_request=0xffffff6e fr.pc=0x0000000113d6ff04 relative=0x0000000000000344
Event: 83.966 Thread 0x00007fc17c8a9e00 Uncommon trap: reason=loop_limit_check action=maybe_recompile pc=0x0000000113d6ff04 method=org.eclipse.jdt.core.compiler.CharOperation.concatWith([[CC)[C @ 121 c2
Event: 83.966 Thread 0x00007fc17c8a9e00 DEOPT PACKING pc=0x0000000113d6ff04 sp=0x00007000032e7df0
Event: 83.970 Thread 0x00007fc17c8a9e00 DEOPT UNPACKING pc=0x00000001134f8399 sp=0x00007000032e7da0 mode 2
Event: 87.198 Thread 0x00007fc17c8a9e00 Uncommon trap: trap_request=0xffffff6e fr.pc=0x0000000113d9d16c relative=0x000000000000072c
Event: 87.198 Thread 0x00007fc17c8a9e00 Uncommon trap: reason=loop_limit_check action=maybe_recompile pc=0x0000000113d9d16c method=org.eclipse.jdt.internal.compiler.util.HashtableOfObject.rehash()V @ 56 c2
Event: 87.198 Thread 0x00007fc17c8a9e00 DEOPT PACKING pc=0x0000000113d9d16c sp=0x00007000032e7d40
Event: 87.199 Thread 0x00007fc17c8a9e00 DEOPT UNPACKING pc=0x00000001134f8399 sp=0x00007000032e7d08 mode 2

Classes loaded (20 events):
Event: 79.243 Loading class java/util/Collections$2
Event: 79.243 Loading class java/util/Collections$2 done
Event: 81.519 Loading class java/io/CharArrayWriter
Event: 81.519 Loading class java/io/CharArrayWriter done
Event: 81.553 Loading class sun/nio/fs/UnixFileSystem$Flags
Event: 81.553 Loading class sun/nio/fs/UnixFileSystem$Flags done
Event: 82.519 Loading class java/util/TreeMap$ValueSpliterator
Event: 82.519 Loading class java/util/TreeMap$TreeMapSpliterator
Event: 82.519 Loading class java/util/TreeMap$TreeMapSpliterator done
Event: 82.519 Loading class java/util/TreeMap$ValueSpliterator done
Event: 82.583 Loading class java/util/concurrent/CompletionException
Event: 82.584 Loading class java/util/concurrent/CompletionException done
Event: 82.764 Loading class java/nio/file/FileTreeWalker$1
Event: 82.764 Loading class java/nio/file/FileTreeWalker$1 done
Event: 83.986 Loading class java/util/Collections$SynchronizedRandomAccessList
Event: 83.986 Loading class java/util/Collections$SynchronizedList
Event: 83.986 Loading class java/util/Collections$SynchronizedList done
Event: 83.986 Loading class java/util/Collections$SynchronizedRandomAccessList done
Event: 84.046 Loading class java/util/concurrent/CompletableFuture$Signaller
Event: 84.046 Loading class java/util/concurrent/CompletableFuture$Signaller done

Classes unloaded (7 events):
Event: 29.942 Thread 0x00007fc17c70eff0 Unloading class 0x0000000120197000 'java/lang/invoke/LambdaForm$MH+0x0000000120197000'
Event: 29.942 Thread 0x00007fc17c70eff0 Unloading class 0x0000000120196c00 'java/lang/invoke/LambdaForm$MH+0x0000000120196c00'
Event: 29.942 Thread 0x00007fc17c70eff0 Unloading class 0x0000000120196800 'java/lang/invoke/LambdaForm$MH+0x0000000120196800'
Event: 29.942 Thread 0x00007fc17c70eff0 Unloading class 0x0000000120196400 'java/lang/invoke/LambdaForm$MH+0x0000000120196400'
Event: 29.942 Thread 0x00007fc17c70eff0 Unloading class 0x0000000120196000 'java/lang/invoke/LambdaForm$BMH+0x0000000120196000'
Event: 29.942 Thread 0x00007fc17c70eff0 Unloading class 0x0000000120195c00 'java/lang/invoke/LambdaForm$DMH+0x0000000120195c00'
Event: 29.942 Thread 0x00007fc17c70eff0 Unloading class 0x0000000120194800 'java/lang/invoke/LambdaForm$DMH+0x0000000120194800'

Classes redefined (0 events):
No events

Internal exceptions (20 events):
Event: 83.980 Thread 0x00007fc17e09f400 Exception <a 'sun/nio/fs/UnixException'{0x00000007d57f83e0}> (0x00000007d57f83e0) 
thrown [src/hotspot/share/prims/jni.cpp, line 520]
Event: 83.985 Thread 0x00007fc17e09f400 Exception <a 'sun/nio/fs/UnixException'{0x00000007d58aa4d0}> (0x00000007d58aa4d0) 
thrown [src/hotspot/share/prims/jni.cpp, line 520]
Event: 83.985 Thread 0x00007fc17e09f400 Exception <a 'sun/nio/fs/UnixException'{0x00000007d58c1de0}> (0x00000007d58c1de0) 
thrown [src/hotspot/share/prims/jni.cpp, line 520]
Event: 83.986 Thread 0x00007fc17e09f400 Exception <a 'sun/nio/fs/UnixException'{0x00000007d58cff90}> (0x00000007d58cff90) 
thrown [src/hotspot/share/prims/jni.cpp, line 520]
Event: 84.006 Thread 0x00007fc17e09f400 Exception <a 'sun/nio/fs/UnixException'{0x00000007d55c2a08}> (0x00000007d55c2a08) 
thrown [src/hotspot/share/prims/jni.cpp, line 520]
Event: 84.007 Thread 0x00007fc17e09f400 Exception <a 'sun/nio/fs/UnixException'{0x00000007d55c7e38}> (0x00000007d55c7e38) 
thrown [src/hotspot/share/prims/jni.cpp, line 520]
Event: 84.007 Thread 0x00007fc17e09f400 Exception <a 'sun/nio/fs/UnixException'{0x00000007d55c8a60}> (0x00000007d55c8a60) 
thrown [src/hotspot/share/prims/jni.cpp, line 520]
Event: 84.013 Thread 0x00007fc17e09f400 Exception <a 'sun/nio/fs/UnixException'{0x00000007d562d760}> (0x00000007d562d760) 
thrown [src/hotspot/share/prims/jni.cpp, line 520]
Event: 84.014 Thread 0x00007fc17e09f400 Exception <a 'sun/nio/fs/UnixException'{0x00000007d5632850}> (0x00000007d5632850) 
thrown [src/hotspot/share/prims/jni.cpp, line 520]
Event: 84.014 Thread 0x00007fc17e09f400 Exception <a 'sun/nio/fs/UnixException'{0x00000007d5633468}> (0x00000007d5633468) 
thrown [src/hotspot/share/prims/jni.cpp, line 520]
Event: 84.055 Thread 0x00007fc17e09f400 Exception <a 'sun/nio/fs/UnixException'{0x00000007d58bd4a0}> (0x00000007d58bd4a0) 
thrown [src/hotspot/share/prims/jni.cpp, line 520]
Event: 84.056 Thread 0x00007fc17e09f400 Exception <a 'sun/nio/fs/UnixException'{0x00000007d58db680}> (0x00000007d58db680) 
thrown [src/hotspot/share/prims/jni.cpp, line 520]
Event: 84.056 Thread 0x00007fc17e09f400 Exception <a 'sun/nio/fs/UnixException'{0x00000007d58dc298}> (0x00000007d58dc298) 
thrown [src/hotspot/share/prims/jni.cpp, line 520]
Event: 84.077 Thread 0x00007fc17e09f400 Exception <a 'sun/nio/fs/UnixException'{0x00000007d55fc898}> (0x00000007d55fc898) 
thrown [src/hotspot/share/prims/jni.cpp, line 520]
Event: 84.078 Thread 0x00007fc17e09f400 Exception <a 'sun/nio/fs/UnixException'{0x00000007d56016d8}> (0x00000007d56016d8) 
thrown [src/hotspot/share/prims/jni.cpp, line 520]
Event: 84.078 Thread 0x00007fc17e09f400 Exception <a 'sun/nio/fs/UnixException'{0x00000007d560d358}> (0x00000007d560d358) 
thrown [src/hotspot/share/prims/jni.cpp, line 520]
Event: 84.084 Thread 0x00007fc17e09f400 Exception <a 'sun/nio/fs/UnixException'{0x00000007d56accc8}> (0x00000007d56accc8) 
thrown [src/hotspot/share/prims/jni.cpp, line 520]
Event: 84.088 Thread 0x00007fc17e09f400 Exception <a 'sun/nio/fs/UnixException'{0x00000007d56e89a0}> (0x00000007d56e89a0) 
thrown [src/hotspot/share/prims/jni.cpp, line 520]
Event: 84.088 Thread 0x00007fc17e09f400 Exception <a 'sun/nio/fs/UnixException'{0x00000007d56e95b8}> (0x00000007d56e95b8) 
thrown [src/hotspot/share/prims/jni.cpp, line 520]
Event: 84.205 Thread 0x00007fc17e09f400 Exception <a 'java/lang/NoSuchMethodError'{0x00000007d5596e28}: 'java.lang.Object java.lang.invoke.DirectMethodHandle$Holder.invokeStatic(java.lang.Object, java.lang.Object, int, java.lang.Object)'> (0x00000007d5596e28) 
thrown [src/hotspot/share/interpreter/linkResolver.cpp, line 773]

ZGC Phase Switch (0 events):
No events

VM Operations (20 events):
Event: 88.362 Executing VM operation: ParallelGCFailedAllocation (Allocation Failure) done
Event: 88.462 Executing VM operation: ParallelGCFailedAllocation (Allocation Failure)
Event: 88.476 Executing VM operation: ParallelGCFailedAllocation (Allocation Failure) done
Event: 88.624 Executing VM operation: ParallelGCFailedAllocation (Allocation Failure)
Event: 88.627 Executing VM operation: ParallelGCFailedAllocation (Allocation Failure) done
Event: 88.664 Executing VM operation: ParallelGCFailedAllocation (Allocation Failure)
Event: 88.703 Executing VM operation: ParallelGCFailedAllocation (Allocation Failure) done
Event: 88.754 Executing VM operation: ParallelGCFailedAllocation (Allocation Failure)
Event: 88.768 Executing VM operation: ParallelGCFailedAllocation (Allocation Failure) done
Event: 88.812 Executing VM operation: ParallelGCFailedAllocation (Allocation Failure)
Event: 88.826 Executing VM operation: ParallelGCFailedAllocation (Allocation Failure) done
Event: 88.943 Executing VM operation: ParallelGCFailedAllocation (Allocation Failure)
Event: 88.960 Executing VM operation: ParallelGCFailedAllocation (Allocation Failure) done
Event: 89.007 Executing VM operation: ParallelGCFailedAllocation (Allocation Failure)
Event: 89.022 Executing VM operation: ParallelGCFailedAllocation (Allocation Failure) done
Event: 89.052 Executing VM operation: ParallelGCFailedAllocation (Allocation Failure)
Event: 89.067 Executing VM operation: ParallelGCFailedAllocation (Allocation Failure) done
Event: 89.204 Executing VM operation: ParallelGCFailedAllocation (Allocation Failure)
Event: 89.220 Executing VM operation: ParallelGCFailedAllocation (Allocation Failure) done
Event: 89.268 Executing VM operation: ParallelGCFailedAllocation (Allocation Failure)

Memory protections (20 events):
Event: 77.371 Protecting memory [0x0000700003f10000,0x0000700003f14000] with protection modes 0
Event: 77.374 Protecting memory [0x0000700004a31000,0x0000700004a35000] with protection modes 0
Event: 77.378 Protecting memory [0x0000700004b34000,0x0000700004b38000] with protection modes 0
Event: 77.379 Protecting memory [0x0000700004c37000,0x0000700004c3b000] with protection modes 0
Event: 77.380 Protecting memory [0x0000700004d3a000,0x0000700004d3e000] with protection modes 0
Event: 78.773 Protecting memory [0x0000700004d3a000,0x0000700004d3e000] with protection modes 3
Event: 78.773 Protecting memory [0x0000700004a31000,0x0000700004a35000] with protection modes 3
Event: 78.773 Protecting memory [0x0000700003f10000,0x0000700003f14000] with protection modes 3
Event: 78.773 Protecting memory [0x0000700004c37000,0x0000700004c3b000] with protection modes 3
Event: 78.774 Protecting memory [0x0000700004b34000,0x0000700004b38000] with protection modes 3
Event: 80.565 Protecting memory [0x0000700003f10000,0x0000700003f14000] with protection modes 0
Event: 80.566 Protecting memory [0x0000700004a31000,0x0000700004a35000] with protection modes 0
Event: 80.569 Protecting memory [0x0000700004b34000,0x0000700004b38000] with protection modes 0
Event: 80.579 Protecting memory [0x0000700004c37000,0x0000700004c3b000] with protection modes 0
Event: 80.580 Protecting memory [0x0000700004d3a000,0x0000700004d3e000] with protection modes 0
Event: 80.778 Protecting memory [0x0000700003f10000,0x0000700003f14000] with protection modes 3
Event: 80.778 Protecting memory [0x0000700004b34000,0x0000700004b38000] with protection modes 3
Event: 80.778 Protecting memory [0x0000700004d3a000,0x0000700004d3e000] with protection modes 3
Event: 80.778 Protecting memory [0x0000700004a31000,0x0000700004a35000] with protection modes 3
Event: 80.778 Protecting memory [0x0000700004c37000,0x0000700004c3b000] with protection modes 3

Nmethod flushes (20 events):
Event: 70.869 Thread 0x00007fc17c70eff0 flushing  nmethod 0x000000010c88af90
Event: 70.869 Thread 0x00007fc17c70eff0 flushing  nmethod 0x000000010c88b490
Event: 70.869 Thread 0x00007fc17c70eff0 flushing  nmethod 0x000000010c88c510
Event: 70.869 Thread 0x00007fc17c70eff0 flushing  nmethod 0x000000010c893590
Event: 70.869 Thread 0x00007fc17c70eff0 flushing  nmethod 0x000000010c893b90
Event: 70.869 Thread 0x00007fc17c70eff0 flushing  nmethod 0x000000010c894390
Event: 70.869 Thread 0x00007fc17c70eff0 flushing  nmethod 0x000000010c895010
Event: 70.869 Thread 0x00007fc17c70eff0 flushing  nmethod 0x000000010c895410
Event: 70.869 Thread 0x00007fc17c70eff0 flushing  nmethod 0x000000010c896290
Event: 70.869 Thread 0x00007fc17c70eff0 flushing  nmethod 0x000000010c896810
Event: 70.869 Thread 0x00007fc17c70eff0 flushing  nmethod 0x000000010c896d90
Event: 70.869 Thread 0x00007fc17c70eff0 flushing  nmethod 0x000000010c897d90
Event: 70.869 Thread 0x00007fc17c70eff0 flushing  nmethod 0x000000010c899210
Event: 70.869 Thread 0x00007fc17c70eff0 flushing  nmethod 0x000000010c89af10
Event: 70.869 Thread 0x00007fc17c70eff0 flushing  nmethod 0x000000010c8a0110
Event: 70.869 Thread 0x00007fc17c70eff0 flushing  nmethod 0x000000010c8a2210
Event: 70.869 Thread 0x00007fc17c70eff0 flushing  nmethod 0x000000010c8a2790
Event: 70.869 Thread 0x00007fc17c70eff0 flushing  nmethod 0x000000010c8a3c10
Event: 70.869 Thread 0x00007fc17c70eff0 flushing  nmethod 0x000000010c8a4910
Event: 70.869 Thread 0x00007fc17c70eff0 flushing  nmethod 0x000000010c8a5490

Events (20 events):
Event: 77.371 Thread 0x00007fc17e0cf200 Thread added: 0x00007fc17ea2fc00
Event: 77.373 Thread 0x00007fc17e0cf200 Thread added: 0x00007fc17e14a800
Event: 77.378 Thread 0x00007fc17e0cf200 Thread added: 0x00007fc17ea30400
Event: 77.379 Thread 0x00007fc17e0cf200 Thread added: 0x00007fc17d8f6a00
Event: 77.380 Thread 0x00007fc17e0cf200 Thread added: 0x00007fc17ef91200
Event: 78.773 Thread 0x00007fc17ef91200 Thread exited: 0x00007fc17ef91200
Event: 78.773 Thread 0x00007fc17e14a800 Thread exited: 0x00007fc17e14a800
Event: 78.773 Thread 0x00007fc17ea2fc00 Thread exited: 0x00007fc17ea2fc00
Event: 78.773 Thread 0x00007fc17d8f6a00 Thread exited: 0x00007fc17d8f6a00
Event: 78.774 Thread 0x00007fc17ea30400 Thread exited: 0x00007fc17ea30400
Event: 80.565 Thread 0x00007fc17e0cf200 Thread added: 0x00007fc17de9aa00
Event: 80.566 Thread 0x00007fc17e0cf200 Thread added: 0x00007fc17efa2400
Event: 80.569 Thread 0x00007fc17e0cf200 Thread added: 0x00007fc17dffec00
Event: 80.579 Thread 0x00007fc17e0cf200 Thread added: 0x00007fc17d89bc00
Event: 80.580 Thread 0x00007fc17e0cf200 Thread added: 0x00007fc1812ed800
Event: 80.778 Thread 0x00007fc17de9aa00 Thread exited: 0x00007fc17de9aa00
Event: 80.778 Thread 0x00007fc17dffec00 Thread exited: 0x00007fc17dffec00
Event: 80.778 Thread 0x00007fc1812ed800 Thread exited: 0x00007fc1812ed800
Event: 80.778 Thread 0x00007fc17d89bc00 Thread exited: 0x00007fc17d89bc00
Event: 80.778 Thread 0x00007fc17efa2400 Thread exited: 0x00007fc17efa2400


Dynamic libraries:
0x0000000104700000 	/Users/shunya_itahara/.vscode/extensions/redhat.java-1.43.1-darwin-x64/jre/21.0.7-macosx-x86_64/lib/libjli.dylib
0x00007ff8263c5000 	/System/Library/Frameworks/Cocoa.framework/Versions/A/Cocoa
0x00007ff80cbd0000 	/System/Library/Frameworks/AppKit.framework/Versions/C/AppKit
0x00007ff810158000 	/System/Library/Frameworks/CoreData.framework/Versions/A/CoreData
0x00007ff80a290000 	/System/Library/Frameworks/Foundation.framework/Versions/C/Foundation
0x00007ff8175da000 	/usr/lib/libSystem.B.dylib
0x00007ff80e123000 	/System/Library/PrivateFrameworks/UIFoundation.framework/Versions/A/UIFoundation
0x00007ffb20b7c000 	/System/Library/PrivateFrameworks/CollectionViewCore.framework/Versions/A/CollectionViewCore
0x00007ff81f05e000 	/System/Library/PrivateFrameworks/RemoteViewServices.framework/Versions/A/RemoteViewServices
0x00007ff814ed6000 	/System/Library/PrivateFrameworks/XCTTargetBootstrap.framework/Versions/A/XCTTargetBootstrap
0x00007ff81a1be000 	/System/Library/PrivateFrameworks/InternationalSupport.framework/Versions/A/InternationalSupport
0x00007ff81a50d000 	/System/Library/PrivateFrameworks/UserActivity.framework/Versions/A/UserActivity
0x00007ffd0cd54000 	/System/Library/PrivateFrameworks/UIIntelligenceSupport.framework/Versions/A/UIIntelligenceSupport
0x00007ffb176f4000 	/System/Library/Frameworks/SwiftUICore.framework/Versions/A/SwiftUICore
0x00007ffd11942000 	/System/Library/PrivateFrameworks/WritingTools.framework/Versions/A/WritingTools
0x00007ffd10a97000 	/System/Library/PrivateFrameworks/WindowManagement.framework/Versions/A/WindowManagement
0x00007ff809f1c000 	/System/Library/Frameworks/SystemConfiguration.framework/Versions/A/SystemConfiguration
0x00007ff8194ee000 	/usr/lib/libspindump.dylib
0x00007ff80e2ff000 	/System/Library/Frameworks/UniformTypeIdentifiers.framework/Versions/A/UniformTypeIdentifiers
0x00007ff8168d0000 	/usr/lib/libbsm.0.dylib
0x00007ff812a96000 	/usr/lib/libapp_launch_measurement.dylib
0x00007ff811bc1000 	/System/Library/PrivateFrameworks/CoreAnalytics.framework/Versions/A/CoreAnalytics
0x00007ff812a99000 	/System/Library/PrivateFrameworks/CoreAutoLayout.framework/Versions/A/CoreAutoLayout
0x00007ff814520000 	/System/Library/Frameworks/Metal.framework/Versions/A/Metal
0x00007ff81578b000 	/usr/lib/liblangid.dylib
0x00007ff814edb000 	/System/Library/PrivateFrameworks/CoreSVG.framework/Versions/A/CoreSVG
0x00007ff80ed30000 	/System/Library/PrivateFrameworks/SkyLight.framework/Versions/A/SkyLight
0x00007ff80f1fd000 	/System/Library/Frameworks/CoreGraphics.framework/Versions/A/CoreGraphics
0x00007ff81f74d000 	/System/Library/Frameworks/Accelerate.framework/Versions/A/Accelerate
0x00007ff81932e000 	/System/Library/PrivateFrameworks/IconServices.framework/Versions/A/IconServices
0x00007ff8144ff000 	/System/Library/Frameworks/IOSurface.framework/Versions/A/IOSurface
0x00007ff811bef000 	/usr/lib/libDiagnosticMessagesClient.dylib
0x00007ff8174ef000 	/usr/lib/libz.1.dylib
0x00007ff82390d000 	/System/Library/Frameworks/ApplicationServices.framework/Versions/A/ApplicationServices
0x00007ff814ec3000 	/System/Library/PrivateFrameworks/DFRFoundation.framework/Versions/A/DFRFoundation
0x00007ff80c480000 	/usr/lib/libicucore.A.dylib
0x00007ff81b576000 	/System/Library/Frameworks/AudioToolbox.framework/Versions/A/AudioToolbox
0x00007ff81a4c6000 	/System/Library/PrivateFrameworks/DataDetectorsCore.framework/Versions/A/DataDetectorsCore
0x00007ff9158ea000 	/System/Library/PrivateFrameworks/TextInput.framework/Versions/A/TextInput
0x00007ff80ec83000 	/usr/lib/libMobileGestalt.dylib
0x00007ff814be1000 	/System/Library/Frameworks/Carbon.framework/Versions/A/Frameworks/HIToolbox.framework/Versions/A/HIToolbox
0x00007ff8123a7000 	/System/Library/Frameworks/QuartzCore.framework/Versions/A/QuartzCore
0x00007ff80c09c000 	/System/Library/Frameworks/Security.framework/Versions/A/Security
0x00007ff81f096000 	/System/Library/Frameworks/Carbon.framework/Versions/A/Frameworks/SpeechRecognition.framework/Versions/A/SpeechRecognition
0x00007ff8127a2000 	/System/Library/PrivateFrameworks/CoreUI.framework/Versions/A/CoreUI
0x00007ff80b95a000 	/System/Library/Frameworks/CoreAudio.framework/Versions/A/CoreAudio
0x00007ff811cd6000 	/System/Library/Frameworks/DiskArbitration.framework/Versions/A/DiskArbitration
0x00007ff81993b000 	/System/Library/PrivateFrameworks/MultitouchSupport.framework/Versions/A/MultitouchSupport
0x00007ff80ec82000 	/usr/lib/libenergytrace.dylib
0x00007ff909c94000 	/System/Library/PrivateFrameworks/RenderBox.framework/Versions/A/RenderBox
0x00007ff80ca9f000 	/System/Library/Frameworks/IOKit.framework/Versions/A/IOKit
0x00007ff81f4a1000 	/System/Library/Frameworks/CoreServices.framework/Versions/A/CoreServices
0x00007ff812a2d000 	/System/Library/PrivateFrameworks/PerformanceAnalysis.framework/Versions/A/PerformanceAnalysis
0x00007ffb0e864000 	/System/Library/Frameworks/OpenGL.framework/Versions/A/OpenGL
0x00007ff812ae3000 	/usr/lib/libxml2.2.dylib
0x00007ff8167c2000 	/System/Library/PrivateFrameworks/MobileKeyBag.framework/Versions/A/MobileKeyBag
0x00007ff808cd0000 	/usr/lib/libobjc.A.dylib
0x00007ff808fe9000 	/usr/lib/libc++.1.dylib
0x00007ff81f41c000 	/System/Library/Frameworks/Accessibility.framework/Versions/A/Accessibility
0x00007ff80faf0000 	/System/Library/Frameworks/ColorSync.framework/Versions/A/ColorSync
0x00007ff80912f000 	/System/Library/Frameworks/CoreFoundation.framework/Versions/A/CoreFoundation
0x00007ff8152a7000 	/System/Library/Frameworks/CoreImage.framework/Versions/A/CoreImage
0x00007ff80b721000 	/System/Library/Frameworks/CoreText.framework/Versions/A/CoreText
0x00007ffb12866000 	/System/Library/Frameworks/CoreTransferable.framework/Versions/A/CoreTransferable
0x00007ffb12d0a000 	/System/Library/Frameworks/DataDetection.framework/Versions/A/DataDetection
0x00007ffb12d0d000 	/System/Library/Frameworks/DeveloperToolsSupport.framework/Versions/A/DeveloperToolsSupport
0x00007ff814f13000 	/System/Library/Frameworks/ImageIO.framework/Versions/A/ImageIO
0x00007ffb1825a000 	/System/Library/Frameworks/Symbols.framework/Versions/A/Symbols
0x00007ffa1cff9000 	/System/Library/PrivateFrameworks/FeatureFlags.framework/Versions/A/FeatureFlags
0x00007ff8175df000 	/System/Library/PrivateFrameworks/SoftLinking.framework/Versions/A/SoftLinking
0x00007ffa08b80000 	/usr/lib/swift/libswiftAccelerate.dylib
0x00007ff81afb5000 	/usr/lib/swift/libswiftCore.dylib
0x00007ff911dd7000 	/usr/lib/swift/libswiftCoreFoundation.dylib
0x00007ff911e24000 	/usr/lib/swift/libswiftCoreImage.dylib
0x00007ff90f3fa000 	/usr/lib/swift/libswiftDarwin.dylib
0x00007ffd189c1000 	/usr/lib/swift/libswiftDataDetection.dylib
0x00007ff821278000 	/usr/lib/swift/libswiftDispatch.dylib
0x00007ff911e25000 	/usr/lib/swift/libswiftIOKit.dylib
0x00007ff91ecb5000 	/usr/lib/swift/libswiftMetal.dylib
0x00007ffa0e06e000 	/usr/lib/swift/libswiftOSLog.dylib
0x00007ff823dd4000 	/usr/lib/swift/libswiftObjectiveC.dylib
0x00007ffd189eb000 	/usr/lib/swift/libswiftObservation.dylib
0x00007ff924102000 	/usr/lib/swift/libswiftQuartzCore.dylib
0x00007ffa08b71000 	/usr/lib/swift/libswiftUniformTypeIdentifiers.dylib
0x00007ff911de7000 	/usr/lib/swift/libswiftXPC.dylib
0x00007ffd18aea000 	/usr/lib/swift/libswift_Builtin_float.dylib
0x00007ffd18aed000 	/usr/lib/swift/libswift_Concurrency.dylib
0x00007ffd18c36000 	/usr/lib/swift/libswift_StringProcessing.dylib
0x00007ffd18cbb000 	/usr/lib/swift/libswift_errno.dylib
0x00007ffd18cbd000 	/usr/lib/swift/libswift_math.dylib
0x00007ffd18cc0000 	/usr/lib/swift/libswift_signal.dylib
0x00007ffd18cc1000 	/usr/lib/swift/libswift_stdio.dylib
0x00007ffd18cc2000 	/usr/lib/swift/libswift_time.dylib
0x00007ff823dd8000 	/usr/lib/swift/libswiftos.dylib
0x00007ff91583d000 	/usr/lib/swift/libswiftsimd.dylib
0x00007ffd18cc3000 	/usr/lib/swift/libswiftsys_time.dylib
0x00007ffd18cc4000 	/usr/lib/swift/libswiftunistd.dylib
0x00007ff8177d8000 	/usr/lib/libcompression.dylib
0x00007ff81a100000 	/System/Library/PrivateFrameworks/TextureIO.framework/Versions/A/TextureIO
0x00007ff818fbb000 	/usr/lib/libate.dylib
0x00007ff8175d4000 	/usr/lib/system/libcache.dylib
0x00007ff81758d000 	/usr/lib/system/libcommonCrypto.dylib
0x00007ff8175b7000 	/usr/lib/system/libcompiler_rt.dylib
0x00007ff8175ab000 	/usr/lib/system/libcopyfile.dylib
0x00007ff808e17000 	/usr/lib/system/libcorecrypto.dylib
0x00007ff808f15000 	/usr/lib/system/libdispatch.dylib
0x00007ff8090c8000 	/usr/lib/system/libdyld.dylib
0x00007ff8175ca000 	/usr/lib/system/libkeymgr.dylib
0x00007ff817572000 	/usr/lib/system/libmacho.dylib
0x00007ff8168ab000 	/usr/lib/system/libquarantine.dylib
0x00007ff8175c7000 	/usr/lib/system/libremovefile.dylib
0x00007ff80ecf8000 	/usr/lib/system/libsystem_asl.dylib
0x00007ff808db1000 	/usr/lib/system/libsystem_blocks.dylib
0x00007ff808f60000 	/usr/lib/system/libsystem_c.dylib
0x00007ff8175bf000 	/usr/lib/system/libsystem_collections.dylib
0x00007ff81577a000 	/usr/lib/system/libsystem_configuration.dylib
0x00007ff8144d0000 	/usr/lib/system/libsystem_containermanager.dylib
0x00007ff817138000 	/usr/lib/system/libsystem_coreservices.dylib
0x00007ff80c729000 	/usr/lib/system/libsystem_darwin.dylib
0x00007ffd18e1d000 	/usr/lib/system/libsystem_darwindirectory.dylib
0x00007ff8175cb000 	/usr/lib/system/libsystem_dnssd.dylib
0x00007ffd18e22000 	/usr/lib/system/libsystem_eligibility.dylib
0x00007ff808f5d000 	/usr/lib/system/libsystem_featureflags.dylib
0x00007ff809101000 	/usr/lib/system/libsystem_info.dylib
0x00007ff817503000 	/usr/lib/system/libsystem_m.dylib
0x00007ff808eca000 	/usr/lib/system/libsystem_malloc.dylib
0x00007ff80ec68000 	/usr/lib/system/libsystem_networkextension.dylib
0x00007ff80cb65000 	/usr/lib/system/libsystem_notify.dylib
0x00007ff81577e000 	/usr/lib/system/libsystem_sandbox.dylib
0x00007ffd18e2a000 	/usr/lib/system/libsystem_sanitizers.dylib
0x00007ff8175c4000 	/usr/lib/system/libsystem_secinit.dylib
0x00007ff80907f000 	/usr/lib/system/libsystem_kernel.dylib
0x00007ff8090f7000 	/usr/lib/system/libsystem_platform.dylib
0x00007ff8090bc000 	/usr/lib/system/libsystem_pthread.dylib
0x00007ff810aa7000 	/usr/lib/system/libsystem_symptoms.dylib
0x00007ff808dfc000 	/usr/lib/system/libsystem_trace.dylib
0x00007ff81759a000 	/usr/lib/system/libunwind.dylib
0x00007ff808db5000 	/usr/lib/system/libxpc.dylib
0x00007ff809068000 	/usr/lib/libc++abi.dylib
0x00007ffd1787c000 	/usr/lib/libRosetta.dylib
0x00007ff80ca1d000 	/System/Library/PrivateFrameworks/CoreServicesInternal.framework/Versions/A/CoreServicesInternal
0x00007ff8175a3000 	/usr/lib/liboah.dylib
0x00007ff8175dc000 	/usr/lib/libfakelink.dylib
0x00007ff8233e4000 	/System/Library/PrivateFrameworks/DiskImages.framework/Versions/A/DiskImages
0x00007ff90ef32000 	/System/Library/Frameworks/NetFS.framework/Versions/A/NetFS
0x00007ff80e8c1000 	/System/Library/Frameworks/CFNetwork.framework/Versions/A/CFNetwork
0x00007ff812a60000 	/System/Library/Frameworks/CoreServices.framework/Versions/A/Frameworks/FSEvents.framework/Versions/A/FSEvents
0x00007ff80c734000 	/System/Library/Frameworks/CoreServices.framework/Versions/A/Frameworks/CarbonCore.framework/Versions/A/CarbonCore
0x00007ff811c4e000 	/System/Library/Frameworks/CoreServices.framework/Versions/A/Frameworks/Metadata.framework/Versions/A/Metadata
0x00007ff81713f000 	/System/Library/Frameworks/CoreServices.framework/Versions/A/Frameworks/OSServices.framework/Versions/A/OSServices
0x00007ff817709000 	/System/Library/Frameworks/CoreServices.framework/Versions/A/Frameworks/SearchKit.framework/Versions/A/SearchKit
0x00007ff810a27000 	/System/Library/Frameworks/CoreServices.framework/Versions/A/Frameworks/AE.framework/Versions/A/AE
0x00007ff8095e4000 	/System/Library/Frameworks/CoreServices.framework/Versions/A/Frameworks/LaunchServices.framework/Versions/A/LaunchServices
0x00007ff818d1c000 	/System/Library/Frameworks/CoreServices.framework/Versions/A/Frameworks/DictionaryServices.framework/Versions/A/DictionaryServices
0x00007ff812a6e000 	/System/Library/Frameworks/CoreServices.framework/Versions/A/Frameworks/SharedFileList.framework/Versions/A/SharedFileList
0x00007ff81778b000 	/usr/lib/libapple_nghttp2.dylib
0x00007ff810683000 	/usr/lib/libsqlite3.dylib
0x00007ff81bbcc000 	/System/Library/Frameworks/GSS.framework/Versions/A/GSS
0x00007ff8109c2000 	/System/Library/PrivateFrameworks/RunningBoardServices.framework/Versions/A/RunningBoardServices
0x00007ff810aaf000 	/System/Library/Frameworks/Network.framework/Versions/A/Network
0x00007ff817576000 	/usr/lib/system/libkxld.dylib
0x00007ffb1cbe8000 	/System/Library/PrivateFrameworks/AppleKeyStore.framework/Versions/A/AppleKeyStore
0x00007ffd17749000 	/usr/lib/libCoreEntitlements.dylib
0x00007ffc16f8e000 	/System/Library/PrivateFrameworks/MessageSecurity.framework/Versions/A/MessageSecurity
0x00007ff810669000 	/System/Library/PrivateFrameworks/ProtocolBuffer.framework/Versions/A/ProtocolBuffer
0x00007ff81711e000 	/System/Library/PrivateFrameworks/AppleFSCompression.framework/Versions/A/AppleFSCompression
0x00007ff8168b8000 	/usr/lib/libcoretls.dylib
0x00007ff818d8a000 	/usr/lib/libcoretls_cfhelpers.dylib
0x00007ff8177d2000 	/usr/lib/libpam.2.dylib
0x00007ff818e04000 	/usr/lib/libxar.1.dylib
0x00007ff81762e000 	/usr/lib/libarchive.2.dylib
0x00007ff81d310000 	/System/Library/Frameworks/Combine.framework/Versions/A/Combine
0x00007ffb20ba3000 	/System/Library/PrivateFrameworks/CollectionsInternal.framework/Versions/A/CollectionsInternal
0x00007ffc1f3e6000 	/System/Library/PrivateFrameworks/ReflectionInternal.framework/Versions/A/ReflectionInternal
0x00007ffc1ff90000 	/System/Library/PrivateFrameworks/RuntimeInternal.framework/Versions/A/RuntimeInternal
0x00007ffd18a7e000 	/usr/lib/swift/libswiftSystem.dylib
0x00007ff815786000 	/System/Library/PrivateFrameworks/AppleSystemInfo.framework/Versions/A/AppleSystemInfo
0x00007ff911cc9000 	/System/Library/PrivateFrameworks/LoggingSupport.framework/Versions/A/LoggingSupport
0x00007ff820401000 	/System/Library/PrivateFrameworks/PowerLog.framework/Versions/A/PowerLog
0x00007ffb175cb000 	/System/Library/Frameworks/SwiftData.framework/Versions/A/SwiftData
0x00007ff812c58000 	/System/Library/PrivateFrameworks/UserManagement.framework/Versions/A/UserManagement
0x00007ff80e7e7000 	/usr/lib/libboringssl.dylib
0x00007ff810a97000 	/usr/lib/libdns_services.dylib
0x00007ff910ed2000 	/usr/lib/libquic.dylib
0x00007ff81af3d000 	/usr/lib/libusrtcp.dylib
0x00007ffa16226000 	/System/Library/PrivateFrameworks/InternalSwiftProtobuf.framework/Versions/A/InternalSwiftProtobuf
0x00007ffd189c2000 	/usr/lib/swift/libswiftDistributed.dylib
0x00007ffd18a74000 	/usr/lib/swift/libswiftSynchronization.dylib
0x00007ff80e8c0000 	/usr/lib/libnetwork.dylib
0x00007ff922e29000 	/System/Library/PrivateFrameworks/OSAnalytics.framework/Versions/A/OSAnalytics
0x00007ff817769000 	/System/Library/PrivateFrameworks/AppleSauce.framework/Versions/A/AppleSauce
0x00007ff821a0c000 	/System/Library/PrivateFrameworks/CoreSymbolication.framework/Versions/A/CoreSymbolication
0x00007ffa11bb2000 	/System/Library/PrivateFrameworks/Symbolication.framework/Versions/A/Symbolication
0x00007ff8219ec000 	/System/Library/PrivateFrameworks/DebugSymbols.framework/Versions/A/DebugSymbols
0x00007ffd17608000 	/usr/lib/libAppleArchive.dylib
0x00007ff817129000 	/usr/lib/libbz2.1.0.dylib
0x00007ff818d6a000 	/usr/lib/liblzma.5.dylib
0x00007ff8165c0000 	/System/Library/PrivateFrameworks/IOMobileFramebuffer.framework/Versions/A/IOMobileFramebuffer
0x00007ff911d57000 	/System/Library/PrivateFrameworks/MallocStackLogging.framework/Versions/A/MallocStackLogging
0x00007ff81905a000 	/System/Library/PrivateFrameworks/CrashReporterSupport.framework/Versions/A/CrashReporterSupport
0x00007ff809cd1000 	/System/Library/PrivateFrameworks/Lexicon.framework/Versions/A/Lexicon
0x00007ffc0fdd9000 	/System/Library/PrivateFrameworks/IO80211.framework/Versions/A/IO80211
0x00007ff8214ee000 	/System/Library/PrivateFrameworks/FrontBoardServices.framework/Versions/A/FrontBoardServices
0x00007ff8167ea000 	/System/Library/Frameworks/SecurityFoundation.framework/Versions/A/SecurityFoundation
0x00007ff81693b000 	/usr/lib/libgermantok.dylib
0x00007ff81589b000 	/System/Library/PrivateFrameworks/LinguisticData.framework/Versions/A/LinguisticData
0x00007ff8108df000 	/System/Library/PrivateFrameworks/BaseBoard.framework/Versions/A/BaseBoard
0x00007ff8215bc000 	/System/Library/PrivateFrameworks/BoardServices.framework/Versions/A/BoardServices
0x00007ff8167dd000 	/System/Library/PrivateFrameworks/AssertionServices.framework/Versions/A/AssertionServices
0x00007ff82321d000 	/System/Library/PrivateFrameworks/BackBoardServices.framework/Versions/A/BackBoardServices
0x00007ff81491b000 	/System/Library/PrivateFrameworks/FontServices.framework/libFontParser.dylib
0x00007ff80ed10000 	/System/Library/PrivateFrameworks/TCC.framework/Versions/A/TCC
0x00007ff826da2000 	/System/Library/PrivateFrameworks/IOSurfaceAccelerator.framework/Versions/A/IOSurfaceAccelerator
0x00007ff819939000 	/System/Library/PrivateFrameworks/WatchdogClient.framework/Versions/A/WatchdogClient
0x00007ff80b234000 	/System/Library/Frameworks/CoreDisplay.framework/Versions/A/CoreDisplay
0x00007ff8147c7000 	/System/Library/Frameworks/CoreMedia.framework/Versions/A/CoreMedia
0x00007ff814517000 	/System/Library/PrivateFrameworks/IOAccelerator.framework/Versions/A/IOAccelerator
0x00007ff812bc6000 	/System/Library/Frameworks/CoreVideo.framework/Versions/A/CoreVideo
0x00007ff8177d0000 	/System/Library/Frameworks/MetalPerformanceShaders.framework/Versions/A/MetalPerformanceShaders
0x00007ffc1e837000 	/System/Library/PrivateFrameworks/ProDisplayLibrary.framework/Versions/A/ProDisplayLibrary
0x00007ff81997f000 	/System/Library/Frameworks/VideoToolbox.framework/Versions/A/VideoToolbox
0x00007ff815785000 	/System/Library/PrivateFrameworks/AggregateDictionary.framework/Versions/A/AggregateDictionary
0x00007ff818d8c000 	/System/Library/PrivateFrameworks/APFS.framework/Versions/A/APFS
0x00007ff818e12000 	/usr/lib/libutil.dylib
0x00007ffd0871f000 	/System/Library/PrivateFrameworks/SwiftASN1Internal.framework/Versions/A/SwiftASN1Internal
0x00007ff811cde000 	/System/Library/Frameworks/Accelerate.framework/Versions/A/Frameworks/vImage.framework/Versions/A/vImage
0x00007ff81f478000 	/System/Library/Frameworks/Accelerate.framework/Versions/A/Frameworks/vecLib.framework/Versions/A/vecLib
0x00007ff818e47000 	/System/Library/Frameworks/Accelerate.framework/Versions/A/Frameworks/vecLib.framework/Versions/A/libvMisc.dylib
0x00007ff809a6b000 	/System/Library/Frameworks/Accelerate.framework/Versions/A/Frameworks/vecLib.framework/Versions/A/libBLAS.dylib
0x00007ff81b7af000 	/System/Library/Frameworks/ApplicationServices.framework/Versions/A/Frameworks/ATS.framework/Versions/A/ATS
0x00007ff80fca5000 	/System/Library/Frameworks/ApplicationServices.framework/Versions/A/Frameworks/HIServices.framework/Versions/A/HIServices
0x00007ff81a08d000 	/System/Library/Frameworks/ApplicationServices.framework/Versions/A/Frameworks/PrintCore.framework/Versions/A/PrintCore
0x00007ff81bb96000 	/System/Library/Frameworks/ApplicationServices.framework/Versions/A/Frameworks/QD.framework/Versions/A/QD
0x00007ff81bb8e000 	/System/Library/Frameworks/ApplicationServices.framework/Versions/A/Frameworks/ColorSyncLegacy.framework/Versions/A/ColorSyncLegacy
0x00007ff81b785000 	/System/Library/Frameworks/ApplicationServices.framework/Versions/A/Frameworks/SpeechSynthesis.framework/Versions/A/SpeechSynthesis
0x00007ff81658f000 	/System/Library/PrivateFrameworks/CoreEmoji.framework/Versions/A/CoreEmoji
0x00007ffb26c76000 	/System/Library/PrivateFrameworks/FontServices.framework/Versions/A/FontServices
0x00007ff81949d000 	/System/Library/PrivateFrameworks/OTSVG.framework/Versions/A/OTSVG
0x00007ff812755000 	/System/Library/Frameworks/ApplicationServices.framework/Versions/A/Frameworks/ATS.framework/Versions/A/Resources/libFontRegistry.dylib
0x00007ffd17dc0000 	/usr/lib/libhvf.dylib
0x00007ffc1ae1d000 	/System/Library/PrivateFrameworks/ParsingInternal.framework/Versions/A/ParsingInternal
0x00007ffd18a07000 	/usr/lib/swift/libswiftRegexBuilder.dylib
0x00007ffd18b88000 	/usr/lib/swift/libswift_RegexParser.dylib
0x00007ff8197ff000 	/System/Library/PrivateFrameworks/AppleJPEG.framework/Versions/A/AppleJPEG
0x00007ff8192bd000 	/usr/lib/libexpat.1.dylib
0x00007ff819f54000 	/System/Library/Frameworks/ImageIO.framework/Versions/A/Resources/libPng.dylib
0x00007ff819f82000 	/System/Library/Frameworks/ImageIO.framework/Versions/A/Resources/libTIFF.dylib
0x00007ff81a078000 	/System/Library/Frameworks/ImageIO.framework/Versions/A/Resources/libGIF.dylib
0x00007ff81984c000 	/System/Library/Frameworks/ImageIO.framework/Versions/A/Resources/libJP2.dylib
0x00007ff81a017000 	/System/Library/Frameworks/ImageIO.framework/Versions/A/Resources/libJPEG.dylib
0x00007ff81a00e000 	/System/Library/Frameworks/ImageIO.framework/Versions/A/Resources/libRadiance.dylib
0x00007ffc0bfc4000 	/System/Library/PrivateFrameworks/GPUCompiler.framework/Versions/32023/Libraries/libllvm-flatbuffers.dylib
0x00007ffb26d41000 	/System/Library/PrivateFrameworks/FramePacing.framework/Versions/A/FramePacing
0x00007ffb0e858000 	/System/Library/Frameworks/OpenGL.framework/Versions/A/Libraries/libCoreFSCache.dylib
0x00007ffc07bcc000 	/System/Library/PrivateFrameworks/GPUCompiler.framework/Versions/32023/Libraries/libGPUCompilerUtils.dylib
0x00007ffb26c77000 	/System/Library/PrivateFrameworks/FontServices.framework/libXTFontStaticRegistryData.dylib
0x00007ffc1db13000 	/System/Library/PrivateFrameworks/PhotosensitivityProcessing.framework/Versions/A/PhotosensitivityProcessing
0x00007ffb0fe28000 	/System/Library/Frameworks/OpenCL.framework/Versions/A/OpenCL
0x00007ff81948e000 	/System/Library/PrivateFrameworks/GraphVisualizer.framework/Versions/A/GraphVisualizer
0x00007ffb0e8b6000 	/System/Library/Frameworks/OpenGL.framework/Versions/A/Libraries/libGLU.dylib
0x00007ffb0e877000 	/System/Library/Frameworks/OpenGL.framework/Versions/A/Libraries/libGFXShared.dylib
0x00007ffb0ea73000 	/System/Library/Frameworks/OpenGL.framework/Versions/A/Libraries/libGL.dylib
0x00007ffb0e880000 	/System/Library/Frameworks/OpenGL.framework/Versions/A/Libraries/libGLImage.dylib
0x00007ffb0e874000 	/System/Library/Frameworks/OpenGL.framework/Versions/A/Libraries/libCVMSPluginSupport.dylib
0x00007ffb0e85f000 	/System/Library/Frameworks/OpenGL.framework/Versions/A/Libraries/libCoreVMClient.dylib
0x00007ff8156bf000 	/System/Library/Frameworks/MetalPerformanceShaders.framework/Versions/A/Frameworks/MPSCore.framework/Versions/A/MPSCore
0x00007ff817079000 	/System/Library/Frameworks/MetalPerformanceShaders.framework/Versions/A/Frameworks/MPSImage.framework/Versions/A/MPSImage
0x00007ff816954000 	/System/Library/Frameworks/MetalPerformanceShaders.framework/Versions/A/Frameworks/MPSNeuralNetwork.framework/Versions/A/MPSNeuralNetwork
0x00007ff816eb4000 	/System/Library/Frameworks/MetalPerformanceShaders.framework/Versions/A/Frameworks/MPSMatrix.framework/Versions/A/MPSMatrix
0x00007ff816c6a000 	/System/Library/Frameworks/MetalPerformanceShaders.framework/Versions/A/Frameworks/MPSRayIntersector.framework/Versions/A/MPSRayIntersector
0x00007ff816ef3000 	/System/Library/Frameworks/MetalPerformanceShaders.framework/Versions/A/Frameworks/MPSNDArray.framework/Versions/A/MPSNDArray
0x00007ffb148da000 	/System/Library/Frameworks/MetalPerformanceShaders.framework/Versions/A/Frameworks/MPSFunctions.framework/Versions/A/MPSFunctions
0x00007ffb148bc000 	/System/Library/Frameworks/MetalPerformanceShaders.framework/Versions/A/Frameworks/MPSBenchmarkLoop.framework/Versions/A/MPSBenchmarkLoop
0x00007ff8098dc000 	/System/Library/PrivateFrameworks/MetalTools.framework/Versions/A/MetalTools
0x00007ff916d8a000 	/System/Library/PrivateFrameworks/IOAccelMemoryInfo.framework/Versions/A/IOAccelMemoryInfo
0x00007ff924508000 	/System/Library/PrivateFrameworks/kperf.framework/Versions/A/kperf
0x00007ff911db9000 	/System/Library/PrivateFrameworks/GPURawCounter.framework/Versions/A/GPURawCounter
0x00007ff81a049000 	/System/Library/Frameworks/ApplicationServices.framework/Versions/A/Frameworks/ATSUI.framework/Versions/A/ATSUI
0x00007ff81bb20000 	/usr/lib/libcups.2.dylib
0x00007ff81bbbd000 	/System/Library/Frameworks/Kerberos.framework/Versions/A/Kerberos
0x00007ff81b828000 	/usr/lib/libresolv.9.dylib
0x00007ff817616000 	/usr/lib/libiconv.2.dylib
0x00007ff8194f5000 	/System/Library/PrivateFrameworks/Heimdal.framework/Versions/A/Heimdal
0x00007ff823d2c000 	/System/Library/Frameworks/Kerberos.framework/Versions/A/Libraries/libHeimdalProxy.dylib
0x00007ff8192d9000 	/usr/lib/libheimdal-asn1.dylib
0x00007ff812a38000 	/System/Library/Frameworks/OpenDirectory.framework/Versions/A/OpenDirectory
0x00007ff81bc15000 	/System/Library/PrivateFrameworks/CommonAuth.framework/Versions/A/CommonAuth
0x00007ff812a44000 	/System/Library/Frameworks/OpenDirectory.framework/Versions/A/Frameworks/CFOpenDirectory.framework/Versions/A/CFOpenDirectory
0x00007ff817571000 	/usr/lib/libcharset.1.dylib
0x00007ffb11910000 	/System/Library/Frameworks/AVFAudio.framework/Versions/A/AVFAudio
0x00007ff90b616000 	/System/Library/PrivateFrameworks/AXCoreUtilities.framework/Versions/A/AXCoreUtilities
0x00007ffc1309f000 	/System/Library/PrivateFrameworks/IsolatedCoreAudioClient.framework/Versions/A/IsolatedCoreAudioClient
0x00007ff81b76d000 	/usr/lib/libAudioStatistics.dylib
0x00007ff8147a3000 	/System/Library/PrivateFrameworks/caulk.framework/Versions/A/caulk
0x00007ff80b35f000 	/System/Library/PrivateFrameworks/AudioToolboxCore.framework/Versions/A/AudioToolboxCore
0x00007ff8261cb000 	/System/Library/Frameworks/CoreMIDI.framework/Versions/A/CoreMIDI
0x00007ff81b714000 	/System/Library/PrivateFrameworks/AudioSession.framework/Versions/A/AudioSession
0x00007ff81d094000 	/System/Library/Frameworks/IOBluetooth.framework/Versions/A/IOBluetooth
0x00007ff8193c5000 	/System/Library/PrivateFrameworks/MediaExperience.framework/Versions/A/MediaExperience
0x00007ffd0b166000 	/System/Library/PrivateFrameworks/Tightbeam.framework/Versions/A/Tightbeam
0x00007ffb21564000 	/System/Library/PrivateFrameworks/CoreAudioOrchestration.framework/Versions/A/CoreAudioOrchestration
0x00007ffa091b5000 	/System/Library/PrivateFrameworks/AFKUser.framework/Versions/A/AFKUser
0x00007ff911dbd000 	/usr/lib/swift/libswiftCoreAudio.dylib
0x00007ff8194e3000 	/System/Library/PrivateFrameworks/AppServerSupport.framework/Versions/A/AppServerSupport
0x00007ff81bba0000 	/System/Library/PrivateFrameworks/perfdata.framework/Versions/A/perfdata
0x00007ff910fbf000 	/System/Library/PrivateFrameworks/SystemPolicy.framework/Versions/A/SystemPolicy
0x00007ff81ba3f000 	/usr/lib/libSMC.dylib
0x00007ff819f1f000 	/usr/lib/libAudioToolboxUtility.dylib
0x00007ff81bbae000 	/usr/lib/libperfcheck.dylib
0x00007ffb1da61000 	/System/Library/PrivateFrameworks/AudioAnalytics.framework/Versions/A/AudioAnalytics
0x00007ffa15ffb000 	/System/Library/Frameworks/OSLog.framework/Versions/A/OSLog
0x00007ff911d87000 	/usr/lib/libmis.dylib
0x00007ff81b535000 	/System/Library/PrivateFrameworks/AudioSession.framework/libSessionUtility.dylib
0x00007ff81a07e000 	/System/Library/PrivateFrameworks/CMCaptureCore.framework/Versions/A/CMCaptureCore
0x00007ffb12e2d000 	/System/Library/Frameworks/ExtensionFoundation.framework/Versions/A/ExtensionFoundation
0x00007ff821b1e000 	/System/Library/PrivateFrameworks/CoreTime.framework/Versions/A/CoreTime
0x00007ff8191ad000 	/System/Library/PrivateFrameworks/PlugInKit.framework/Versions/A/PlugInKit
0x00007ff820307000 	/System/Library/Frameworks/CoreBluetooth.framework/Versions/A/CoreBluetooth
0x00007ff823d2d000 	/System/Library/Frameworks/AudioUnit.framework/Versions/A/AudioUnit
0x00007ff81664c000 	/System/Library/PrivateFrameworks/CoreUtils.framework/Versions/A/CoreUtils
0x00007ffb246f2000 	/System/Library/PrivateFrameworks/CoreUtilsExtras.framework/Versions/A/CoreUtilsExtras
0x00007ff81f79a000 	/System/Library/Frameworks/MediaAccessibility.framework/Versions/A/MediaAccessibility
0x00007ff91a170000 	/System/Library/PrivateFrameworks/AttributeGraph.framework/Versions/A/AttributeGraph
0x00007ffd17589000 	/usr/lib/libAXSafeCategoryBundle.dylib
0x00007ff90b6bb000 	/usr/lib/libAccessibility.dylib
0x00007ff8163c3000 	/System/Library/Frameworks/Accelerate.framework/Versions/A/Frameworks/vecLib.framework/Versions/A/libvDSP.dylib
0x00007ff8178be000 	/System/Library/Frameworks/Accelerate.framework/Versions/A/Frameworks/vecLib.framework/Versions/A/libLAPACK.dylib
0x00007ff81693e000 	/System/Library/Frameworks/Accelerate.framework/Versions/A/Frameworks/vecLib.framework/Versions/A/libLinearAlgebra.dylib
0x00007ff8177a6000 	/System/Library/Frameworks/Accelerate.framework/Versions/A/Frameworks/vecLib.framework/Versions/A/libSparseBLAS.dylib
0x00007ff8178b8000 	/System/Library/Frameworks/Accelerate.framework/Versions/A/Frameworks/vecLib.framework/Versions/A/libQuadrature.dylib
0x00007ff8158a1000 	/System/Library/Frameworks/Accelerate.framework/Versions/A/Frameworks/vecLib.framework/Versions/A/libBNNS.dylib
0x00007ff809dd5000 	/System/Library/Frameworks/Accelerate.framework/Versions/A/Frameworks/vecLib.framework/Versions/A/libSparse.dylib
0x00007ffc14471000 	/System/Library/PrivateFrameworks/MIL.framework/Versions/A/MIL
0x00007ff81a007000 	/System/Library/PrivateFrameworks/GPUWrangler.framework/Versions/A/GPUWrangler
0x00007ff819feb000 	/System/Library/PrivateFrameworks/IOPresentment.framework/Versions/A/IOPresentment
0x00007ff81a011000 	/System/Library/PrivateFrameworks/DSExternalDisplay.framework/Versions/A/DSExternalDisplay
0x00007ffa163f1000 	/System/Library/PrivateFrameworks/HIDDisplay.framework/Versions/A/HIDDisplay
0x00007ff90a92a000 	/System/Library/PrivateFrameworks/HID.framework/Versions/A/HID
0x00007ffd0e7aa000 	/System/Library/PrivateFrameworks/VideoToolboxParavirtualizationSupport.framework/Versions/A/VideoToolboxParavirtualizationSupport
0x00007ff81926f000 	/System/Library/PrivateFrameworks/AppleVA.framework/Versions/A/AppleVA
0x00007ff821669000 	/System/Library/PrivateFrameworks/GraphicsServices.framework/Versions/A/GraphicsServices
0x00007ff81bd8b000 	/System/Library/PrivateFrameworks/CorePhoneNumbers.framework/Versions/A/CorePhoneNumbers
0x00007ff8204e3000 	/System/Library/PrivateFrameworks/MediaKit.framework/Versions/A/MediaKit
0x00007ff82043d000 	/System/Library/Frameworks/DiscRecording.framework/Versions/A/DiscRecording
0x00007ff81bb83000 	/System/Library/PrivateFrameworks/NetAuth.framework/Versions/A/NetAuth
0x00007ff812c1a000 	/System/Library/PrivateFrameworks/login.framework/Versions/A/Frameworks/loginsupport.framework/Versions/A/loginsupport
0x00007ff8192e2000 	/System/Library/PrivateFrameworks/IconFoundation.framework/Versions/A/IconFoundation
0x00007ff819051000 	/usr/lib/libIOReport.dylib
0x00007ffb1d692000 	/System/Library/PrivateFrameworks/AppleMobileFileIntegrity.framework/Versions/A/AppleMobileFileIntegrity
0x00007ffd178d7000 	/usr/lib/libTLE.dylib
0x00007ffa2592c000 	/System/Library/PrivateFrameworks/ConfigProfileHelper.framework/Versions/A/ConfigProfileHelper
0x00007ff8168e0000 	/usr/lib/libmecab.dylib
0x00007ff809fa2000 	/usr/lib/libCRFSuite.dylib
0x00007ff81578d000 	/System/Library/PrivateFrameworks/CoreNLP.framework/Versions/A/CoreNLP
0x00007ff817761000 	/usr/lib/libThaiTokenizer.dylib
0x00007ff8168ae000 	/usr/lib/libCheckFix.dylib
0x00007ff811bf1000 	/System/Library/PrivateFrameworks/MetadataUtilities.framework/Versions/A/MetadataUtilities
0x00007ffc105d0000 	/System/Library/PrivateFrameworks/InstalledContentLibrary.framework/Versions/A/InstalledContentLibrary
0x00007ff80ca5e000 	/System/Library/PrivateFrameworks/CoreServicesStore.framework/Versions/A/CoreServicesStore
0x00007ff924608000 	/System/Library/PrivateFrameworks/MobileSystemServices.framework/Versions/A/MobileSystemServices
0x00007ff818e16000 	/usr/lib/libxslt.1.dylib
0x00007ff816874000 	/System/Library/PrivateFrameworks/BackgroundTaskManagement.framework/Versions/A/BackgroundTaskManagement
0x00007ff823591000 	/usr/lib/libcurl.4.dylib
0x00007ffd17c6a000 	/usr/lib/libcrypto.46.dylib
0x00007ffd187a1000 	/usr/lib/libssl.48.dylib
0x00007ff823277000 	/System/Library/Frameworks/LDAP.framework/Versions/A/LDAP
0x00007ff8232b1000 	/System/Library/PrivateFrameworks/TrustEvaluationAgent.framework/Versions/A/TrustEvaluationAgent
0x00007ff81b845000 	/usr/lib/libsasl2.2.dylib
0x00007ff90f3f9000 	/usr/lib/swift/libswiftCoreGraphics.dylib
0x00007ff81fdb7000 	/usr/lib/swift/libswiftFoundation.dylib
0x00007ffa253ba000 	/usr/lib/swift/libswiftSwiftOnoneSupport.dylib
0x00007ffa122c0000 	/System/Library/PrivateFrameworks/CoreMaterial.framework/Versions/A/CoreMaterial
0x00007ffc20078000 	/System/Library/PrivateFrameworks/SFSymbols.framework/Versions/A/SFSymbols
0x00007ff81f086000 	/System/Library/PrivateFrameworks/SpeechRecognitionCore.framework/Versions/A/SpeechRecognitionCore
0x0000000107abc000 	/Users/shunya_itahara/.vscode/extensions/redhat.java-1.43.1-darwin-x64/jre/21.0.7-macosx-x86_64/lib/server/libjvm.dylib
0x0000000104737000 	/Users/shunya_itahara/.vscode/extensions/redhat.java-1.43.1-darwin-x64/jre/21.0.7-macosx-x86_64/lib/libjimage.dylib
0x000000010475a000 	/Users/shunya_itahara/.vscode/extensions/redhat.java-1.43.1-darwin-x64/jre/21.0.7-macosx-x86_64/lib/libinstrument.dylib
0x0000000104798000 	/Users/shunya_itahara/.vscode/extensions/redhat.java-1.43.1-darwin-x64/jre/21.0.7-macosx-x86_64/lib/libjava.dylib
0x00000001074c2000 	/Users/shunya_itahara/.vscode/extensions/redhat.java-1.43.1-darwin-x64/jre/21.0.7-macosx-x86_64/lib/libzip.dylib
0x00000001074ea000 	/Users/shunya_itahara/.vscode/extensions/redhat.java-1.43.1-darwin-x64/jre/21.0.7-macosx-x86_64/lib/libnio.dylib
0x00000001047e0000 	/Users/shunya_itahara/.vscode/extensions/redhat.java-1.43.1-darwin-x64/jre/21.0.7-macosx-x86_64/lib/libnet.dylib
0x000000010751d000 	/Users/shunya_itahara/.vscode/extensions/redhat.java-1.43.1-darwin-x64/jre/21.0.7-macosx-x86_64/lib/libverify.dylib
0x0000000107552000 	/Users/shunya_itahara/Library/Application Support/Code/User/globalStorage/redhat.java/1.43.1/config_mac/org.eclipse.equinox.launcher/org.eclipse.equinox.launcher.cocoa.macosx.x86_64_1.2.1300.v20250331-1702/eclipse_11911.so
0x00007ff81290f000 	/System/Library/PrivateFrameworks/ViewBridge.framework/Versions/A/ViewBridge
0x0000000107948000 	/Users/shunya_itahara/.vscode/extensions/redhat.java-1.43.1-darwin-x64/jre/21.0.7-macosx-x86_64/lib/libextnet.dylib


VM Arguments:
jvm_args: --add-modules=ALL-SYSTEM --add-opens=java.base/java.util=ALL-UNNAMED --add-opens=java.base/java.lang=ALL-UNNAMED --add-opens=java.base/sun.nio.fs=ALL-UNNAMED -Declipse.application=org.eclipse.jdt.ls.core.id1 -Dosgi.bundles.defaultStartLevel=4 -Declipse.product=org.eclipse.jdt.ls.core.product -Djava.import.generatesMetadataFilesAtProjectRoot=false -DDetectVMInstallationsJob.disabled=true -Dfile.encoding=utf8 -XX:+UseParallelGC -XX:GCTimeRatio=4 -XX:AdaptiveSizePolicyWeight=90 -Dsun.zip.disableMemoryMapping=true -Xmx2G -Xms100m -Xlog:disable -javaagent:/Users/shunya_itahara/.vscode/extensions/redhat.java-1.43.1-darwin-x64/lombok/lombok-1.18.39-4050.jar -XX:+HeapDumpOnOutOfMemoryError -XX:HeapDumpPath=/Users/shunya_itahara/Library/Application Support/Code/User/workspaceStorage/74725be91eeeabe22b329e98cb7335c4/redhat.java -Daether.dependencyCollector.impl=bf 
java_command: /Users/shunya_itahara/.vscode/extensions/redhat.java-1.43.1-darwin-x64/server/plugins/org.eclipse.equinox.launcher_1.7.0.v20250519-0528.jar -configuration /Users/shunya_itahara/Library/Application Support/Code/User/globalStorage/redhat.java/1.43.1/config_mac -data /Users/shunya_itahara/Library/Application Support/Code/User/workspaceStorage/74725be91eeeabe22b329e98cb7335c4/redhat.java/jdt_ws --pipe=/private/var/folders/t6/75tx9q0s5q5ckkt6vv8__zqw0000gn/T/lsp-2dec50ca09f032d917a6b2d8221a175d.sock
java_class_path (initial): /Users/shunya_itahara/.vscode/extensions/redhat.java-1.43.1-darwin-x64/server/plugins/org.eclipse.equinox.launcher_1.7.0.v20250519-0528.jar
Launcher Type: SUN_STANDARD

[Global flags]
    uintx AdaptiveSizePolicyWeight                 = 90                                        {product} {command line}
     intx CICompilerCount                          = 3                                         {product} {ergonomic}
    uintx GCTimeRatio                              = 4                                         {product} {command line}
     bool HeapDumpOnOutOfMemoryError               = true                                   {manageable} {command line}
    ccstr HeapDumpPath                             = /Users/shunya_itahara/Library/Application Support/Code/User/workspaceStorage/74725be91eeeabe22b329e98cb7335c4/redhat.java         {manageable} {command line}
   size_t InitialHeapSize                          = 104857600                                 {product} {command line}
   size_t MaxHeapSize                              = 2147483648                                {product} {command line}
   size_t MaxNewSize                               = 715653120                                 {product} {ergonomic}
   size_t MinHeapDeltaBytes                        = 524288                                    {product} {ergonomic}
   size_t MinHeapSize                              = 104857600                                 {product} {command line}
   size_t NewSize                                  = 34603008                                  {product} {ergonomic}
    uintx NonNMethodCodeHeapSize                   = 5832780                                {pd product} {ergonomic}
    uintx NonProfiledCodeHeapSize                  = 122912730                              {pd product} {ergonomic}
   size_t OldSize                                  = 70254592                                  {product} {ergonomic}
    uintx ProfiledCodeHeapSize                     = 122912730                              {pd product} {ergonomic}
    uintx ReservedCodeCacheSize                    = 251658240                              {pd product} {ergonomic}
     bool SegmentedCodeCache                       = true                                      {product} {ergonomic}
   size_t SoftMaxHeapSize                          = 2147483648                             {manageable} {ergonomic}
     bool UseCompressedOops                        = true                           {product lp64_product} {ergonomic}
     bool UseNUMA                                  = false                                     {product} {ergonomic}
     bool UseNUMAInterleaving                      = false                                     {product} {ergonomic}
     bool UseParallelGC                            = true                                      {product} {command line}

Logging:
Log output configuration:
 #0: stdout all=off uptime,level,tags foldmultilines=false
 #1: stderr all=off uptime,level,tags foldmultilines=false

Environment Variables:
PATH=/usr/bin:/bin:/usr/sbin:/sbin
SHELL=/bin/zsh
TMPDIR=/var/folders/t6/75tx9q0s5q5ckkt6vv8__zqw0000gn/T/

Active Locale:
LC_ALL=C
LC_COLLATE=C
LC_CTYPE=C
LC_MESSAGES=C
LC_MONETARY=C
LC_NUMERIC=C
LC_TIME=C

Signal Handlers:
   SIGSEGV: crash_handler in libjvm.dylib, mask=11100110000111110111111111111111, flags=SA_ONSTACK|SA_RESTART|SA_SIGINFO, unblocked
    SIGBUS: crash_handler in libjvm.dylib, mask=11100110000111110111111111111111, flags=SA_RESTART|SA_SIGINFO, unblocked
    SIGFPE: crash_handler in libjvm.dylib, mask=11100110000111110111111111111111, flags=SA_RESTART|SA_SIGINFO, unblocked
   SIGPIPE: javaSignalHandler in libjvm.dylib, mask=11100110000111110111111111111111, flags=SA_RESTART|SA_SIGINFO, blocked
   SIGXFSZ: javaSignalHandler in libjvm.dylib, mask=11100110000111110111111111111111, flags=SA_RESTART|SA_SIGINFO, blocked
    SIGILL: crash_handler in libjvm.dylib, mask=11100110000111110111111111111111, flags=SA_RESTART|SA_SIGINFO, unblocked
   SIGUSR2: SR_handler in libjvm.dylib, mask=00000000000000000000000000000000, flags=SA_RESTART|SA_SIGINFO, blocked
    SIGHUP: UserHandler in libjvm.dylib, mask=11100110000111110111111111111111, flags=SA_RESTART|SA_SIGINFO, blocked
    SIGINT: UserHandler in libjvm.dylib, mask=11100110000111110111111111111111, flags=SA_RESTART|SA_SIGINFO, blocked
   SIGTERM: UserHandler in libjvm.dylib, mask=11100110000111110111111111111111, flags=SA_RESTART|SA_SIGINFO, blocked
   SIGQUIT: UserHandler in libjvm.dylib, mask=11100110000111110111111111111111, flags=SA_RESTART|SA_SIGINFO, blocked
   SIGTRAP: crash_handler in libjvm.dylib, mask=11100110000111110111111111111111, flags=SA_RESTART|SA_SIGINFO, unblocked


Periodic native trim disabled

---------------  S Y S T E M  ---------------

OS:
uname: Darwin 24.5.0 Darwin Kernel Version 24.5.0: Tue Apr 22 19:53:26 PDT 2025; root:xnu-11417.121.6~2/RELEASE_X86_64 x86_64
OS uptime: 0 days 0:03 hours
rlimit (soft/hard): STACK 8192k/65532k , CORE 0k/infinity , NPROC 1392/2088 , NOFILE 1048576/infinity , AS infinity/infinity , CPU infinity/infinity , DATA infinity/infinity , FSIZE infinity/infinity , MEMLOCK infinity/infinity , RSS infinity/infinity
load average: 1012.99 606.89 257.94

CPU: total 4 (initial active 4) (2 cores per cpu, 2 threads per core) family 6 model 126 stepping 5 microcode 0xca, cx8, cmov, fxsr, ht, mmx, 3dnowpref, sse, sse2, sse3, ssse3, sse4.1, sse4.2, popcnt, lzcnt, tsc, tscinvbit, avx, avx2, aes, erms, clmul, bmi1, bmi2, adx, sha, fma, vzeroupper, clflush, clflushopt, rdtscp, rdpid, fsrm, f16c, pku
machdep.cpu.brand_string:Intel(R) Core(TM) i3-1000NG4 CPU @ 1.10GHz
hw.cpufrequency:1100000000
hw.cpufrequency_min:1100000000
hw.cpufrequency_max:1100000000
hw.cachelinesize:64
hw.l1icachesize:32768
hw.l1dcachesize:49152
hw.l2cachesize:524288
hw.l3cachesize:4194304

Memory: 4k page, physical 8388608k(44712k free), swap 0k(0k free)

vm_info: OpenJDK 64-Bit Server VM (21.0.7+6-LTS) for bsd-amd64 JRE (21.0.7+6-LTS), built on 2025-04-15T00:00:00Z by "admin" with clang Apple LLVM 15.0.0 (clang-1500.1.0.2.5)

END.
